<?xml version="1.0" encoding="UTF-8"?>
<testsuites name="Dropbox-API-upload/download-tests" tests="17" time="3.399">
  <testsuite name="Get token / Get token" id="d023d683-31f4-4a54-8b17-7b97ae687f56" timestamp="2022-10-10T21:27:20.737Z" tests="4" failures="0" errors="0" time="0.167">
    <testcase name="Check response time is less than 3000ms" time="0.167" classname="DropboxApiUploadDownloadTests"/>
    <testcase name="Check response status code is 200" time="0.167" classname="DropboxApiUploadDownloadTests"/>
    <testcase name="Check upload file status message to be 'OK'" time="0.167" classname="DropboxApiUploadDownloadTests"/>
    <testcase name="Check response body has key 'access_token'" time="0.167" classname="DropboxApiUploadDownloadTests"/>
  </testsuite>
  <testsuite name="Positive tests / Authorization tests / User authentication" id="e8818e08-1668-4b0c-b963-b667aa7f1f77" timestamp="2022-10-10T21:27:20.737Z" tests="6" failures="0" errors="0" time="0.069">
    <testcase name="Check response time is less than 3000ms" time="0.069" classname="DropboxApiUploadDownloadTests"/>
    <testcase name="Check response status code is 200" time="0.069" classname="DropboxApiUploadDownloadTests"/>
    <testcase name="Check upload file status message to be 'OK'" time="0.069" classname="DropboxApiUploadDownloadTests"/>
    <testcase name="Check response header 'Content-Type' and its value is 'application/json'" time="0.069" classname="DropboxApiUploadDownloadTests"/>
    <testcase name="Check response header 'Content-Security-Policy' and its value" time="0.069" classname="DropboxApiUploadDownloadTests"/>
    <testcase name="Check response body has key with value" time="0.069" classname="DropboxApiUploadDownloadTests"/>
  </testsuite>
  <testsuite name="Positive tests / Authorization tests / Check app" id="adb272ec-19e1-4778-8d0c-d61413885253" timestamp="2022-10-10T21:27:20.737Z" tests="6" failures="0" errors="0" time="0.036">
    <testcase name="Check response time is less than 3000ms" time="0.036" classname="DropboxApiUploadDownloadTests"/>
    <testcase name="Check response status code is 200" time="0.036" classname="DropboxApiUploadDownloadTests"/>
    <testcase name="Check upload file status message to be 'OK'" time="0.036" classname="DropboxApiUploadDownloadTests"/>
    <testcase name="Check response header 'Content-Type' and its value is 'application/json'" time="0.036" classname="DropboxApiUploadDownloadTests"/>
    <testcase name="Check response header 'Content-Security-Policy' and its value" time="0.036" classname="DropboxApiUploadDownloadTests"/>
    <testcase name="Check response body has key with value" time="0.036" classname="DropboxApiUploadDownloadTests"/>
  </testsuite>
  <testsuite name="Positive tests / Upload file tests / File upload test" id="d6c1e302-9375-40be-b1c8-08061f6afd7d" timestamp="2022-10-10T21:27:20.737Z" tests="9" failures="0" errors="0" time="0.523">
    <testcase name="Check response time is less than 3000ms" time="0.523" classname="DropboxApiUploadDownloadTests"/>
    <testcase name="Check response status code is 200" time="0.523" classname="DropboxApiUploadDownloadTests"/>
    <testcase name="Check upload file status message to be 'OK'" time="0.523" classname="DropboxApiUploadDownloadTests"/>
    <testcase name="Check 'Strict-Transport-Security' response header value is 'max-age=31536000; includeSubDomains; preload'" time="0.523" classname="DropboxApiUploadDownloadTests"/>
    <testcase name="Check response has key 'name' with value equal to uploaded file name" time="0.523" classname="DropboxApiUploadDownloadTests"/>
    <testcase name="Check response keys length is equal 10" time="0.523" classname="DropboxApiUploadDownloadTests"/>
    <testcase name="Check response keys are present" time="0.523" classname="DropboxApiUploadDownloadTests"/>
    <testcase name="Check response 'is_downloadable' value" time="0.523" classname="DropboxApiUploadDownloadTests"/>
    <testcase name="Validate response json schema" time="0.523" classname="DropboxApiUploadDownloadTests"/>
  </testsuite>
  <testsuite name="Positive tests / Upload file tests / Search uploaded file" id="e3ad5083-bac4-4224-ac0c-10fb0d796a66" timestamp="2022-10-10T21:27:20.737Z" tests="8" failures="0" errors="0" time="0.132">
    <testcase name="Check response time is less than 3000ms" time="0.132" classname="DropboxApiUploadDownloadTests"/>
    <testcase name="Check response status code is 200" time="0.132" classname="DropboxApiUploadDownloadTests"/>
    <testcase name="Check upload file status message to be 'OK'" time="0.132" classname="DropboxApiUploadDownloadTests"/>
    <testcase name="Check response header 'Content-Security-Policy' value is 'sandbox" time="0.132" classname="DropboxApiUploadDownloadTests"/>
    <testcase name="Check response header 'Content-Type' and its value is 'application/json'" time="0.132" classname="DropboxApiUploadDownloadTests"/>
    <testcase name="Check response keys length is equal 1" time="0.132" classname="DropboxApiUploadDownloadTests"/>
    <testcase name="Check response key 'has_more' value equal to 'false'" time="0.132" classname="DropboxApiUploadDownloadTests"/>
    <testcase name="Validate response json schema" time="0.132" classname="DropboxApiUploadDownloadTests"/>
  </testsuite>
  <testsuite name="Positive tests / Get File Metadata tests / Get uploaded file via search endpoint" id="82c1a4ab-bd1b-40c2-a91d-e2090b1dfd9d" timestamp="2022-10-10T21:27:20.737Z" tests="12" failures="0" errors="0" time="0.123">
    <testcase name="Check response time is less than 3000ms" time="0.123" classname="DropboxApiUploadDownloadTests"/>
    <testcase name="Check response status code is 200" time="0.123" classname="DropboxApiUploadDownloadTests"/>
    <testcase name="Check upload file status message to be 'OK'" time="0.123" classname="DropboxApiUploadDownloadTests"/>
    <testcase name="Check response header 'Content-Type' and its value is 'application/json'" time="0.123" classname="DropboxApiUploadDownloadTests"/>
    <testcase name="Check metadadta has key 'name' with value equal to uploaded file name" time="0.123" classname="DropboxApiUploadDownloadTests"/>
    <testcase name="Check response keys length is 1" time="0.123" classname="DropboxApiUploadDownloadTests"/>
    <testcase name="Check metadata 'name' key has value 'text.txt'" time="0.123" classname="DropboxApiUploadDownloadTests"/>
    <testcase name="Check metadata 'id' key has value 'id:kNz2VS8OLSwAAAAAAAABcw'" time="0.123" classname="DropboxApiUploadDownloadTests"/>
    <testcase name="Check metadata 'content_hash' key has value 'fd2112ca5793b05e935205bb9891410beb1df1076f60d6dcc754c7377edf6fdc'" time="0.123" classname="DropboxApiUploadDownloadTests"/>
    <testcase name="Check metadata 'is_downloadable' key has value 'true'" time="0.123" classname="DropboxApiUploadDownloadTests"/>
    <testcase name="Check metadata 'size' key has value '19'" time="0.123" classname="DropboxApiUploadDownloadTests"/>
    <testcase name="Validate response json schema" time="0.123" classname="DropboxApiUploadDownloadTests"/>
  </testsuite>
  <testsuite name="Positive tests / Get File Metadata tests / Get uploaded file metadata via metadata endpoint" id="79463da5-2b7a-481c-a2b6-9af83fc9f717" timestamp="2022-10-10T21:27:20.737Z" tests="7" failures="0" errors="0" time="0.091">
    <testcase name="Check response time is less than 3000ms" time="0.091" classname="DropboxApiUploadDownloadTests"/>
    <testcase name="Check response status code is 200" time="0.091" classname="DropboxApiUploadDownloadTests"/>
    <testcase name="Check upload file status message to be 'OK'" time="0.091" classname="DropboxApiUploadDownloadTests"/>
    <testcase name="Check response header 'Content-Type' and its value is 'application/json'" time="0.091" classname="DropboxApiUploadDownloadTests"/>
    <testcase name="Check response keys length is equal 11" time="0.091" classname="DropboxApiUploadDownloadTests"/>
    <testcase name="Check response keys values are equal text.txt,/text.txt,/text.txt,id:kNz2VS8OLSwAAAAAAAABcw,2022-10-10T21:27:21Z,2022-10-10T21:27:21Z,5eab4d3305a7eb94ae2f1,19,true,fd2112ca5793b05e935205bb9891410beb1df1076f60d6dcc754c7377edf6fdc" time="0.091" classname="DropboxApiUploadDownloadTests"/>
    <testcase name="Validate response json schema" time="0.091" classname="DropboxApiUploadDownloadTests"/>
  </testsuite>
  <testsuite name="Positive tests / Delete file tests / Delete uploaded file" id="f2e09169-f0b9-4e82-95f4-a8ad682552a4" timestamp="2022-10-10T21:27:20.737Z" tests="7" failures="0" errors="0" time="1.877">
    <testcase name="Check response time is less than 3000ms" time="1.877" classname="DropboxApiUploadDownloadTests"/>
    <testcase name="Check response status code is 200" time="1.877" classname="DropboxApiUploadDownloadTests"/>
    <testcase name="Check upload file status message to be 'OK'" time="1.877" classname="DropboxApiUploadDownloadTests"/>
    <testcase name="Check response header 'Content-Type' and its value is 'application/json'" time="1.877" classname="DropboxApiUploadDownloadTests"/>
    <testcase name="Check response keys length is equal 11" time="1.877" classname="DropboxApiUploadDownloadTests"/>
    <testcase name="Check response keys values are equal text.txt,/text.txt,/text.txt,id:kNz2VS8OLSwAAAAAAAABcw,2022-10-10T21:27:21Z,2022-10-10T21:27:21Z,5eab4d3305a7eb94ae2f1,19,true,fd2112ca5793b05e935205bb9891410beb1df1076f60d6dcc754c7377edf6fdc" time="1.877" classname="DropboxApiUploadDownloadTests"/>
    <testcase name="Validate response json schema" time="1.877" classname="DropboxApiUploadDownloadTests"/>
  </testsuite>
  <testsuite name="Negative tests / wrong endpoint / File upload test wrong endpoint" id="7f371bbe-205c-4919-8670-7c3a66977d53" timestamp="2022-10-10T21:27:20.737Z" tests="3" failures="0" errors="0" time="0.013">
    <testcase name="Check response time is less than 3000ms" time="0.013" classname="DropboxApiUploadDownloadTests"/>
    <testcase name="Check upload file status message to be one of 'Bad Request,Conflict,Not Found'" time="0.013" classname="DropboxApiUploadDownloadTests"/>
    <testcase name="Check upload file status code is one of [400, 404, 409]" time="0.013" classname="DropboxApiUploadDownloadTests"/>
  </testsuite>
  <testsuite name="Negative tests / wrong endpoint / Search uploaded file wrong endpoint" id="fd9822dd-10e3-485d-b797-f0aef1da05ef" timestamp="2022-10-10T21:27:20.737Z" tests="3" failures="0" errors="0" time="0.015">
    <testcase name="Check response time is less than 3000ms" time="0.015" classname="DropboxApiUploadDownloadTests"/>
    <testcase name="Check upload file status message to be one of 'Bad Request,Conflict,Not Found'" time="0.015" classname="DropboxApiUploadDownloadTests"/>
    <testcase name="Check upload file status code is one of [400, 404, 409]" time="0.015" classname="DropboxApiUploadDownloadTests"/>
  </testsuite>
  <testsuite name="Negative tests / wrong endpoint / Get uploaded file metadata wrong endpoint" id="c06c8467-ac36-49de-9754-8944b3159360" timestamp="2022-10-10T21:27:20.737Z" tests="3" failures="0" errors="0" time="0.013">
    <testcase name="Check response time is less than 3000ms" time="0.013" classname="DropboxApiUploadDownloadTests"/>
    <testcase name="Check upload file status message to be one of 'Bad Request,Conflict,Not Found'" time="0.013" classname="DropboxApiUploadDownloadTests"/>
    <testcase name="Check upload file status code is one of [400, 404, 409]" time="0.013" classname="DropboxApiUploadDownloadTests"/>
  </testsuite>
  <testsuite name="Negative tests / wrong endpoint / Delete uploaded file wrong endpoint" id="a23c3975-663d-4ba8-9bb8-59e95c042040" timestamp="2022-10-10T21:27:20.737Z" tests="3" failures="0" errors="0" time="0.014">
    <testcase name="Check response time is less than 3000ms" time="0.014" classname="DropboxApiUploadDownloadTests"/>
    <testcase name="Check upload file status message to be one of 'Bad Request,Conflict,Not Found'" time="0.014" classname="DropboxApiUploadDownloadTests"/>
    <testcase name="Check upload file status code is one of [400, 404, 409]" time="0.014" classname="DropboxApiUploadDownloadTests"/>
  </testsuite>
  <testsuite name="Negative tests / wrong request body / Search uploaded file wrong request body" id="a3af7540-7441-4220-ba67-0eb26a22ed28" timestamp="2022-10-10T21:27:20.737Z" tests="3" failures="0" errors="0" time="0.023">
    <testcase name="Check response time is less than 3000ms" time="0.023" classname="DropboxApiUploadDownloadTests"/>
    <testcase name="Check upload file status message to be one of 'Bad Request,Conflict,Not Found'" time="0.023" classname="DropboxApiUploadDownloadTests"/>
    <testcase name="Check upload file status code is one of [400, 404, 409]" time="0.023" classname="DropboxApiUploadDownloadTests"/>
  </testsuite>
  <testsuite name="Negative tests / wrong request body / Get uploaded file metadata wrong body 'path' key value" id="5082d277-cd41-4e9c-8b8f-09ef47e76aaf" timestamp="2022-10-10T21:27:20.737Z" tests="4" failures="0" errors="0" time="0.066">
    <testcase name="Check response time is less than 3000ms" time="0.066" classname="DropboxApiUploadDownloadTests"/>
    <testcase name="Check upload file status message to be one of 'Bad Request,Conflict,Not Found'" time="0.066" classname="DropboxApiUploadDownloadTests"/>
    <testcase name="Check upload file status code is one of [400, 404, 409]" time="0.066" classname="DropboxApiUploadDownloadTests"/>
    <testcase name="Check response has error keys 'error_summary,error''" time="0.066" classname="DropboxApiUploadDownloadTests"/>
  </testsuite>
  <testsuite name="Negative tests / wrong request body / Delete uploaded file wrong response body 'path' key value" id="17e45632-dbb7-4364-b47e-bd47f507db5d" timestamp="2022-10-10T21:27:20.737Z" tests="4" failures="0" errors="0" time="0.141">
    <testcase name="Check response time is less than 3000ms" time="0.141" classname="DropboxApiUploadDownloadTests"/>
    <testcase name="Check upload file status message to be one of 'Bad Request,Conflict,Not Found'" time="0.141" classname="DropboxApiUploadDownloadTests"/>
    <testcase name="Check upload file status code is one of [400, 404, 409]" time="0.141" classname="DropboxApiUploadDownloadTests"/>
    <testcase name="Check response has error keys 'error_summary,error''" time="0.141" classname="DropboxApiUploadDownloadTests"/>
  </testsuite>
  <testsuite name="Negative tests / File upload test wrong Header 'Content-Type" id="57b383c4-e7d3-4b9d-8c59-86393cc923dc" timestamp="2022-10-10T21:27:20.737Z" tests="3" failures="0" errors="0" time="0.023">
    <testcase name="Check response time is less than 3000ms" time="0.023" classname="DropboxApiUploadDownloadTests"/>
    <testcase name="Check upload file status message to be one of 'Bad Request,Conflict,Not Found'" time="0.023" classname="DropboxApiUploadDownloadTests"/>
    <testcase name="Check upload file status code is one of [400, 404, 409]" time="0.023" classname="DropboxApiUploadDownloadTests"/>
  </testsuite>
  <testsuite name="Negative tests / Repeat delete uploaded file" id="c6414298-9714-4119-ad5e-4d497eb7c35a" timestamp="2022-10-10T21:27:20.737Z" tests="4" failures="0" errors="0" time="0.073">
    <testcase name="Check response time is less than 3000ms" time="0.073" classname="DropboxApiUploadDownloadTests"/>
    <testcase name="Check upload file status message to be one of 'Bad Request,Conflict,Not Found'" time="0.073" classname="DropboxApiUploadDownloadTests"/>
    <testcase name="Check upload file status code is one of [400, 404, 409]" time="0.073" classname="DropboxApiUploadDownloadTests"/>
    <testcase name="Check response has error keys 'error_summary,error''" time="0.073" classname="DropboxApiUploadDownloadTests"/>
  </testsuite>
</testsuites>