<?xml version="1.0" encoding="UTF-8"?>
<testsuites name="Dropbox-API-upload/download-tests" tests="17" time="9.035">
  <testsuite name="Get token / Get token" id="16fbb661-68e6-4a98-9976-bf4838e7c65d" timestamp="2022-10-10T14:03:36.088Z" tests="4" failures="1" errors="0" time="5.511">
    <testcase name="Check response time is less than 3000ms" time="5.511" classname="DropboxApiUploadDownloadTests">
      <failure type="AssertionFailure" message="expected 5511 to be below 3000">
        <![CDATA[Failed 1 times.]]>
        <![CDATA[Collection JSON ID: 9a3b310c-8828-4db2-a2e1-5712c75dc6e0.]]>
        <![CDATA[Collection name: Dropbox-API-upload/download-tests.]]>
        <![CDATA[Request name: Get token / Get token.]]>
        <![CDATA[Test description: Check response time is less than 3000ms.]]>
        <![CDATA[Error message: expected 5511 to be below 3000.]]>
        <![CDATA[Stacktrace: AssertionError: expected 5511 to be below 3000
   at Object.eval sandbox-script.js:1:1).]]>
      </failure>
    </testcase>
    <testcase name="Check response status code is 200" time="5.511" classname="DropboxApiUploadDownloadTests"/>
    <testcase name="Check upload file status message to be 'OK'" time="5.511" classname="DropboxApiUploadDownloadTests"/>
    <testcase name="Check response body has key 'access_token'" time="5.511" classname="DropboxApiUploadDownloadTests"/>
  </testsuite>
  <testsuite name="Positive tests / Authorization tests / User authentication" id="6d84ef9c-78f7-45fb-93ee-d060e2ffb751" timestamp="2022-10-10T14:03:36.088Z" tests="6" failures="0" errors="0" time="0.282">
    <testcase name="Check response time is less than 3000ms" time="0.282" classname="DropboxApiUploadDownloadTests"/>
    <testcase name="Check response status code is 200" time="0.282" classname="DropboxApiUploadDownloadTests"/>
    <testcase name="Check upload file status message to be 'OK'" time="0.282" classname="DropboxApiUploadDownloadTests"/>
    <testcase name="Check response header 'Content-Type' and its value is 'application/json'" time="0.282" classname="DropboxApiUploadDownloadTests"/>
    <testcase name="Check response header 'Content-Security-Policy' and its value" time="0.282" classname="DropboxApiUploadDownloadTests"/>
    <testcase name="Check response body has key with value" time="0.282" classname="DropboxApiUploadDownloadTests"/>
  </testsuite>
  <testsuite name="Positive tests / Authorization tests / Check app" id="1a4ef48a-c21c-4807-8905-bfca28723ad5" timestamp="2022-10-10T14:03:36.088Z" tests="6" failures="0" errors="0" time="0.091">
    <testcase name="Check response time is less than 3000ms" time="0.091" classname="DropboxApiUploadDownloadTests"/>
    <testcase name="Check response status code is 200" time="0.091" classname="DropboxApiUploadDownloadTests"/>
    <testcase name="Check upload file status message to be 'OK'" time="0.091" classname="DropboxApiUploadDownloadTests"/>
    <testcase name="Check response header 'Content-Type' and its value is 'application/json'" time="0.091" classname="DropboxApiUploadDownloadTests"/>
    <testcase name="Check response header 'Content-Security-Policy' and its value" time="0.091" classname="DropboxApiUploadDownloadTests"/>
    <testcase name="Check response body has key with value" time="0.091" classname="DropboxApiUploadDownloadTests"/>
  </testsuite>
  <testsuite name="Positive tests / Upload file tests / File upload test" id="fb7a43a9-7a72-4173-a30d-864181c8913c" timestamp="2022-10-10T14:03:36.088Z" tests="9" failures="0" errors="0" time="1.155">
    <testcase name="Check response time is less than 3000ms" time="1.155" classname="DropboxApiUploadDownloadTests"/>
    <testcase name="Check response status code is 200" time="1.155" classname="DropboxApiUploadDownloadTests"/>
    <testcase name="Check upload file status message to be 'OK'" time="1.155" classname="DropboxApiUploadDownloadTests"/>
    <testcase name="Check 'Strict-Transport-Security' response header value is 'max-age=31536000; includeSubDomains; preload'" time="1.155" classname="DropboxApiUploadDownloadTests"/>
    <testcase name="Check response has key 'name' with value equal to uploaded file name" time="1.155" classname="DropboxApiUploadDownloadTests"/>
    <testcase name="Check response keys length is equal 10" time="1.155" classname="DropboxApiUploadDownloadTests"/>
    <testcase name="Check response keys are present" time="1.155" classname="DropboxApiUploadDownloadTests"/>
    <testcase name="Check response 'is_downloadable' value" time="1.155" classname="DropboxApiUploadDownloadTests"/>
    <testcase name="Validate response json schema" time="1.155" classname="DropboxApiUploadDownloadTests"/>
  </testsuite>
  <testsuite name="Positive tests / Upload file tests / Search uploaded file" id="cb69ec3f-83c2-4fb2-a9f8-46c3049752f4" timestamp="2022-10-10T14:03:36.088Z" tests="8" failures="0" errors="0" time="0.182">
    <testcase name="Check response time is less than 3000ms" time="0.182" classname="DropboxApiUploadDownloadTests"/>
    <testcase name="Check response status code is 200" time="0.182" classname="DropboxApiUploadDownloadTests"/>
    <testcase name="Check upload file status message to be 'OK'" time="0.182" classname="DropboxApiUploadDownloadTests"/>
    <testcase name="Check response header 'Content-Security-Policy' value is 'sandbox" time="0.182" classname="DropboxApiUploadDownloadTests"/>
    <testcase name="Check response header 'Content-Type' and its value is 'application/json'" time="0.182" classname="DropboxApiUploadDownloadTests"/>
    <testcase name="Check response keys length is equal 1" time="0.182" classname="DropboxApiUploadDownloadTests"/>
    <testcase name="Check response key 'has_more' value equal to 'false'" time="0.182" classname="DropboxApiUploadDownloadTests"/>
    <testcase name="Validate response json schema" time="0.182" classname="DropboxApiUploadDownloadTests"/>
  </testsuite>
  <testsuite name="Positive tests / Get File Metadata tests / Get uploaded file via search endpoint" id="d3c784f9-973c-4899-a42f-e2ec6acc1ac7" timestamp="2022-10-10T14:03:36.088Z" tests="12" failures="0" errors="0" time="0.136">
    <testcase name="Check response time is less than 3000ms" time="0.136" classname="DropboxApiUploadDownloadTests"/>
    <testcase name="Check response status code is 200" time="0.136" classname="DropboxApiUploadDownloadTests"/>
    <testcase name="Check upload file status message to be 'OK'" time="0.136" classname="DropboxApiUploadDownloadTests"/>
    <testcase name="Check response header 'Content-Type' and its value is 'application/json'" time="0.136" classname="DropboxApiUploadDownloadTests"/>
    <testcase name="Check metadadta has key 'name' with value equal to uploaded file name" time="0.136" classname="DropboxApiUploadDownloadTests"/>
    <testcase name="Check response keys length is 1" time="0.136" classname="DropboxApiUploadDownloadTests"/>
    <testcase name="Check metadata 'name' key has value 'text.txt'" time="0.136" classname="DropboxApiUploadDownloadTests"/>
    <testcase name="Check metadata 'id' key has value 'id:kNz2VS8OLSwAAAAAAAABbw'" time="0.136" classname="DropboxApiUploadDownloadTests"/>
    <testcase name="Check metadata 'content_hash' key has value 'fd2112ca5793b05e935205bb9891410beb1df1076f60d6dcc754c7377edf6fdc'" time="0.136" classname="DropboxApiUploadDownloadTests"/>
    <testcase name="Check metadata 'is_downloadable' key has value 'true'" time="0.136" classname="DropboxApiUploadDownloadTests"/>
    <testcase name="Check metadata 'size' key has value '19'" time="0.136" classname="DropboxApiUploadDownloadTests"/>
    <testcase name="Validate response json schema" time="0.136" classname="DropboxApiUploadDownloadTests"/>
  </testsuite>
  <testsuite name="Positive tests / Get File Metadata tests / Get uploaded file metadata via metadata endpoint" id="a42c0e88-f25f-499c-9eef-de3ba56b6ac8" timestamp="2022-10-10T14:03:36.088Z" tests="7" failures="0" errors="0" time="0.134">
    <testcase name="Check response time is less than 3000ms" time="0.134" classname="DropboxApiUploadDownloadTests"/>
    <testcase name="Check response status code is 200" time="0.134" classname="DropboxApiUploadDownloadTests"/>
    <testcase name="Check upload file status message to be 'OK'" time="0.134" classname="DropboxApiUploadDownloadTests"/>
    <testcase name="Check response header 'Content-Type' and its value is 'application/json'" time="0.134" classname="DropboxApiUploadDownloadTests"/>
    <testcase name="Check response keys length is equal 11" time="0.134" classname="DropboxApiUploadDownloadTests"/>
    <testcase name="Check response keys values are equal text.txt,/text.txt,/text.txt,id:kNz2VS8OLSwAAAAAAAABbw,2022-10-10T14:03:42Z,2022-10-10T14:03:43Z,5eaaea0986fe7b94ae2f1,19,true,fd2112ca5793b05e935205bb9891410beb1df1076f60d6dcc754c7377edf6fdc" time="0.134" classname="DropboxApiUploadDownloadTests"/>
    <testcase name="Validate response json schema" time="0.134" classname="DropboxApiUploadDownloadTests"/>
  </testsuite>
  <testsuite name="Positive tests / Delete file tests / Delete uploaded file" id="8a41596e-c3f3-4746-ba34-3fbe70264120" timestamp="2022-10-10T14:03:36.088Z" tests="7" failures="0" errors="0" time="0.764">
    <testcase name="Check response time is less than 3000ms" time="0.764" classname="DropboxApiUploadDownloadTests"/>
    <testcase name="Check response status code is 200" time="0.764" classname="DropboxApiUploadDownloadTests"/>
    <testcase name="Check upload file status message to be 'OK'" time="0.764" classname="DropboxApiUploadDownloadTests"/>
    <testcase name="Check response header 'Content-Type' and its value is 'application/json'" time="0.764" classname="DropboxApiUploadDownloadTests"/>
    <testcase name="Check response keys length is equal 11" time="0.764" classname="DropboxApiUploadDownloadTests"/>
    <testcase name="Check response keys values are equal text.txt,/text.txt,/text.txt,id:kNz2VS8OLSwAAAAAAAABbw,2022-10-10T14:03:42Z,2022-10-10T14:03:43Z,5eaaea0986fe7b94ae2f1,19,true,fd2112ca5793b05e935205bb9891410beb1df1076f60d6dcc754c7377edf6fdc" time="0.764" classname="DropboxApiUploadDownloadTests"/>
    <testcase name="Validate response json schema" time="0.764" classname="DropboxApiUploadDownloadTests"/>
  </testsuite>
  <testsuite name="Negative tests / wrong endpoint / File upload test wrong endpoint" id="c7a9789f-28fd-4822-8d94-008912dd2e23" timestamp="2022-10-10T14:03:36.088Z" tests="3" failures="0" errors="0" time="0.091">
    <testcase name="Check response time is less than 3000ms" time="0.091" classname="DropboxApiUploadDownloadTests"/>
    <testcase name="Check upload file status message to be one of 'Bad Request,Conflict,Not Found'" time="0.091" classname="DropboxApiUploadDownloadTests"/>
    <testcase name="Check upload file status code is one of [400, 404, 409]" time="0.091" classname="DropboxApiUploadDownloadTests"/>
  </testsuite>
  <testsuite name="Negative tests / wrong endpoint / Search uploaded file wrong endpoint" id="4500df56-831e-4496-ab1e-f4f1ab8e2658" timestamp="2022-10-10T14:03:36.088Z" tests="3" failures="0" errors="0" time="0.056">
    <testcase name="Check response time is less than 3000ms" time="0.056" classname="DropboxApiUploadDownloadTests"/>
    <testcase name="Check upload file status message to be one of 'Bad Request,Conflict,Not Found'" time="0.056" classname="DropboxApiUploadDownloadTests"/>
    <testcase name="Check upload file status code is one of [400, 404, 409]" time="0.056" classname="DropboxApiUploadDownloadTests"/>
  </testsuite>
  <testsuite name="Negative tests / wrong endpoint / Get uploaded file metadata wrong endpoint" id="1145376a-df17-4b9b-b81b-a0ded849e237" timestamp="2022-10-10T14:03:36.088Z" tests="3" failures="0" errors="0" time="0.056">
    <testcase name="Check response time is less than 3000ms" time="0.056" classname="DropboxApiUploadDownloadTests"/>
    <testcase name="Check upload file status message to be one of 'Bad Request,Conflict,Not Found'" time="0.056" classname="DropboxApiUploadDownloadTests"/>
    <testcase name="Check upload file status code is one of [400, 404, 409]" time="0.056" classname="DropboxApiUploadDownloadTests"/>
  </testsuite>
  <testsuite name="Negative tests / wrong endpoint / Delete uploaded file wrong endpoint" id="41de5b53-3bd1-4c19-8563-b8ad583acdc0" timestamp="2022-10-10T14:03:36.088Z" tests="3" failures="0" errors="0" time="0.054">
    <testcase name="Check response time is less than 3000ms" time="0.054" classname="DropboxApiUploadDownloadTests"/>
    <testcase name="Check upload file status message to be one of 'Bad Request,Conflict,Not Found'" time="0.054" classname="DropboxApiUploadDownloadTests"/>
    <testcase name="Check upload file status code is one of [400, 404, 409]" time="0.054" classname="DropboxApiUploadDownloadTests"/>
  </testsuite>
  <testsuite name="Negative tests / wrong request body / Search uploaded file wrong request body" id="f0657bc9-33f3-4540-b0c2-4f2d3ed36a14" timestamp="2022-10-10T14:03:36.088Z" tests="3" failures="0" errors="0" time="0.067">
    <testcase name="Check response time is less than 3000ms" time="0.067" classname="DropboxApiUploadDownloadTests"/>
    <testcase name="Check upload file status message to be one of 'Bad Request,Conflict,Not Found'" time="0.067" classname="DropboxApiUploadDownloadTests"/>
    <testcase name="Check upload file status code is one of [400, 404, 409]" time="0.067" classname="DropboxApiUploadDownloadTests"/>
  </testsuite>
  <testsuite name="Negative tests / wrong request body / Get uploaded file metadata wrong body 'path' key value" id="b0a97827-f844-4ab5-9407-b17dccefb3ec" timestamp="2022-10-10T14:03:36.088Z" tests="4" failures="0" errors="0" time="0.128">
    <testcase name="Check response time is less than 3000ms" time="0.128" classname="DropboxApiUploadDownloadTests"/>
    <testcase name="Check upload file status message to be one of 'Bad Request,Conflict,Not Found'" time="0.128" classname="DropboxApiUploadDownloadTests"/>
    <testcase name="Check upload file status code is one of [400, 404, 409]" time="0.128" classname="DropboxApiUploadDownloadTests"/>
    <testcase name="Check response has error keys 'error_summary,error''" time="0.128" classname="DropboxApiUploadDownloadTests"/>
  </testsuite>
  <testsuite name="Negative tests / wrong request body / Delete uploaded file wrong response body 'path' key value" id="bd8a167b-dfb0-44ce-bfba-bf1e21b07c78" timestamp="2022-10-10T14:03:36.088Z" tests="4" failures="0" errors="0" time="0.120">
    <testcase name="Check response time is less than 3000ms" time="0.120" classname="DropboxApiUploadDownloadTests"/>
    <testcase name="Check upload file status message to be one of 'Bad Request,Conflict,Not Found'" time="0.120" classname="DropboxApiUploadDownloadTests"/>
    <testcase name="Check upload file status code is one of [400, 404, 409]" time="0.120" classname="DropboxApiUploadDownloadTests"/>
    <testcase name="Check response has error keys 'error_summary,error''" time="0.120" classname="DropboxApiUploadDownloadTests"/>
  </testsuite>
  <testsuite name="Negative tests / File upload test wrong Header 'Content-Type" id="82c49612-6a92-4471-b533-774099f827f3" timestamp="2022-10-10T14:03:36.088Z" tests="3" failures="0" errors="0" time="0.063">
    <testcase name="Check response time is less than 3000ms" time="0.063" classname="DropboxApiUploadDownloadTests"/>
    <testcase name="Check upload file status message to be one of 'Bad Request,Conflict,Not Found'" time="0.063" classname="DropboxApiUploadDownloadTests"/>
    <testcase name="Check upload file status code is one of [400, 404, 409]" time="0.063" classname="DropboxApiUploadDownloadTests"/>
  </testsuite>
  <testsuite name="Negative tests / Repeat delete uploaded file" id="8195e249-afd5-41fb-a857-46d52e27ed56" timestamp="2022-10-10T14:03:36.088Z" tests="4" failures="0" errors="0" time="0.145">
    <testcase name="Check response time is less than 3000ms" time="0.145" classname="DropboxApiUploadDownloadTests"/>
    <testcase name="Check upload file status message to be one of 'Bad Request,Conflict,Not Found'" time="0.145" classname="DropboxApiUploadDownloadTests"/>
    <testcase name="Check upload file status code is one of [400, 404, 409]" time="0.145" classname="DropboxApiUploadDownloadTests"/>
    <testcase name="Check response has error keys 'error_summary,error''" time="0.145" classname="DropboxApiUploadDownloadTests"/>
  </testsuite>
</testsuites>