<?xml version="1.0" encoding="UTF-8"?>
<testsuites name="Dropbox-API-upload/download-tests" tests="17" time="3.707">
  <testsuite name="Get token / Get token" id="e62ec395-ef43-44d5-9e2d-8761e17a52c6" timestamp="2022-10-17T16:46:35.768Z" tests="4" failures="0" errors="0" time="0.191">
    <testcase name="Check response time is less than 3000ms" time="0.191" classname="DropboxApiUploadDownloadTests"/>
    <testcase name="Check response status code is 200" time="0.191" classname="DropboxApiUploadDownloadTests"/>
    <testcase name="Check upload file status message to be 'OK'" time="0.191" classname="DropboxApiUploadDownloadTests"/>
    <testcase name="Check response body has key 'access_token'" time="0.191" classname="DropboxApiUploadDownloadTests"/>
  </testsuite>
  <testsuite name="Positive tests / Authorization tests / User authentication" id="7785fb69-ef9d-4914-a20e-6d34fe6a6309" timestamp="2022-10-17T16:46:35.768Z" tests="6" failures="0" errors="0" time="0.175">
    <testcase name="Check response time is less than 3000ms" time="0.175" classname="DropboxApiUploadDownloadTests"/>
    <testcase name="Check response status code is 200" time="0.175" classname="DropboxApiUploadDownloadTests"/>
    <testcase name="Check upload file status message to be 'OK'" time="0.175" classname="DropboxApiUploadDownloadTests"/>
    <testcase name="Check response header 'Content-Type' and its value is 'application/json'" time="0.175" classname="DropboxApiUploadDownloadTests"/>
    <testcase name="Check response header 'Content-Security-Policy' and its value" time="0.175" classname="DropboxApiUploadDownloadTests"/>
    <testcase name="Check response body has key with value" time="0.175" classname="DropboxApiUploadDownloadTests"/>
  </testsuite>
  <testsuite name="Positive tests / Authorization tests / Check app" id="76ddaf9b-1b95-4b68-9899-b27f06abe1a0" timestamp="2022-10-17T16:46:35.768Z" tests="6" failures="0" errors="0" time="0.100">
    <testcase name="Check response time is less than 3000ms" time="0.100" classname="DropboxApiUploadDownloadTests"/>
    <testcase name="Check response status code is 200" time="0.100" classname="DropboxApiUploadDownloadTests"/>
    <testcase name="Check upload file status message to be 'OK'" time="0.100" classname="DropboxApiUploadDownloadTests"/>
    <testcase name="Check response header 'Content-Type' and its value is 'application/json'" time="0.100" classname="DropboxApiUploadDownloadTests"/>
    <testcase name="Check response header 'Content-Security-Policy' and its value" time="0.100" classname="DropboxApiUploadDownloadTests"/>
    <testcase name="Check response body has key with value" time="0.100" classname="DropboxApiUploadDownloadTests"/>
  </testsuite>
  <testsuite name="Positive tests / Upload file tests / File upload test" id="98f567ef-828b-4f36-bd4e-c4e4f5b06201" timestamp="2022-10-17T16:46:35.768Z" tests="9" failures="0" errors="0" time="1.000">
    <testcase name="Check response time is less than 3000ms" time="1.000" classname="DropboxApiUploadDownloadTests"/>
    <testcase name="Check response status code is 200" time="1.000" classname="DropboxApiUploadDownloadTests"/>
    <testcase name="Check upload file status message to be 'OK'" time="1.000" classname="DropboxApiUploadDownloadTests"/>
    <testcase name="Check 'Strict-Transport-Security' response header value is 'max-age=31536000; includeSubDomains; preload'" time="1.000" classname="DropboxApiUploadDownloadTests"/>
    <testcase name="Check response has key 'name' with value equal to uploaded file name" time="1.000" classname="DropboxApiUploadDownloadTests"/>
    <testcase name="Check response keys length is equal 10" time="1.000" classname="DropboxApiUploadDownloadTests"/>
    <testcase name="Check response keys are present" time="1.000" classname="DropboxApiUploadDownloadTests"/>
    <testcase name="Check response 'is_downloadable' value" time="1.000" classname="DropboxApiUploadDownloadTests"/>
    <testcase name="Validate response json schema" time="1.000" classname="DropboxApiUploadDownloadTests"/>
  </testsuite>
  <testsuite name="Positive tests / Upload file tests / Search uploaded file" id="f6262beb-6f9d-40c8-b3fc-e266de51b4ef" timestamp="2022-10-17T16:46:35.768Z" tests="8" failures="0" errors="0" time="0.258">
    <testcase name="Check response time is less than 3000ms" time="0.258" classname="DropboxApiUploadDownloadTests"/>
    <testcase name="Check response status code is 200" time="0.258" classname="DropboxApiUploadDownloadTests"/>
    <testcase name="Check upload file status message to be 'OK'" time="0.258" classname="DropboxApiUploadDownloadTests"/>
    <testcase name="Check response header 'Content-Security-Policy' value is 'sandbox" time="0.258" classname="DropboxApiUploadDownloadTests"/>
    <testcase name="Check response header 'Content-Type' and its value is 'application/json'" time="0.258" classname="DropboxApiUploadDownloadTests"/>
    <testcase name="Check response keys length is equal 1" time="0.258" classname="DropboxApiUploadDownloadTests"/>
    <testcase name="Check response key 'has_more' value equal to 'false'" time="0.258" classname="DropboxApiUploadDownloadTests"/>
    <testcase name="Validate response json schema" time="0.258" classname="DropboxApiUploadDownloadTests"/>
  </testsuite>
  <testsuite name="Positive tests / Get File Metadata tests / Get uploaded file via search endpoint" id="2263796d-83d5-44af-997c-69afb4e66b48" timestamp="2022-10-17T16:46:35.768Z" tests="12" failures="0" errors="0" time="0.261">
    <testcase name="Check response time is less than 3000ms" time="0.261" classname="DropboxApiUploadDownloadTests"/>
    <testcase name="Check response status code is 200" time="0.261" classname="DropboxApiUploadDownloadTests"/>
    <testcase name="Check upload file status message to be 'OK'" time="0.261" classname="DropboxApiUploadDownloadTests"/>
    <testcase name="Check response header 'Content-Type' and its value is 'application/json'" time="0.261" classname="DropboxApiUploadDownloadTests"/>
    <testcase name="Check metadadta has key 'name' with value equal to uploaded file name" time="0.261" classname="DropboxApiUploadDownloadTests"/>
    <testcase name="Check response keys length is 1" time="0.261" classname="DropboxApiUploadDownloadTests"/>
    <testcase name="Check metadata 'name' key has value 'text.txt'" time="0.261" classname="DropboxApiUploadDownloadTests"/>
    <testcase name="Check metadata 'id' key has value 'id:kNz2VS8OLSwAAAAAAAAB2g'" time="0.261" classname="DropboxApiUploadDownloadTests"/>
    <testcase name="Check metadata 'content_hash' key has value 'fd2112ca5793b05e935205bb9891410beb1df1076f60d6dcc754c7377edf6fdc'" time="0.261" classname="DropboxApiUploadDownloadTests"/>
    <testcase name="Check metadata 'is_downloadable' key has value 'true'" time="0.261" classname="DropboxApiUploadDownloadTests"/>
    <testcase name="Check metadata 'size' key has value '19'" time="0.261" classname="DropboxApiUploadDownloadTests"/>
    <testcase name="Validate response json schema" time="0.261" classname="DropboxApiUploadDownloadTests"/>
  </testsuite>
  <testsuite name="Positive tests / Get File Metadata tests / Get uploaded file metadata via metadata endpoint" id="d6595fbd-5dab-45f6-b223-537968cb36bc" timestamp="2022-10-17T16:46:35.768Z" tests="7" failures="0" errors="0" time="0.184">
    <testcase name="Check response time is less than 3000ms" time="0.184" classname="DropboxApiUploadDownloadTests"/>
    <testcase name="Check response status code is 200" time="0.184" classname="DropboxApiUploadDownloadTests"/>
    <testcase name="Check upload file status message to be 'OK'" time="0.184" classname="DropboxApiUploadDownloadTests"/>
    <testcase name="Check response header 'Content-Type' and its value is 'application/json'" time="0.184" classname="DropboxApiUploadDownloadTests"/>
    <testcase name="Check response keys length is equal 11" time="0.184" classname="DropboxApiUploadDownloadTests"/>
    <testcase name="Check response keys values are equal text.txt,/text.txt,/text.txt,id:kNz2VS8OLSwAAAAAAAAB2g,2022-10-17T16:46:37Z,2022-10-17T16:46:37Z,5eb3db813f636b94ae2f1,19,true,fd2112ca5793b05e935205bb9891410beb1df1076f60d6dcc754c7377edf6fdc" time="0.184" classname="DropboxApiUploadDownloadTests"/>
    <testcase name="Validate response json schema" time="0.184" classname="DropboxApiUploadDownloadTests"/>
  </testsuite>
  <testsuite name="Positive tests / Delete file tests / Delete uploaded file" id="7dc88a51-cc9f-41f2-ad1b-2c37bd1836c7" timestamp="2022-10-17T16:46:35.768Z" tests="7" failures="0" errors="0" time="0.591">
    <testcase name="Check response time is less than 3000ms" time="0.591" classname="DropboxApiUploadDownloadTests"/>
    <testcase name="Check response status code is 200" time="0.591" classname="DropboxApiUploadDownloadTests"/>
    <testcase name="Check upload file status message to be 'OK'" time="0.591" classname="DropboxApiUploadDownloadTests"/>
    <testcase name="Check response header 'Content-Type' and its value is 'application/json'" time="0.591" classname="DropboxApiUploadDownloadTests"/>
    <testcase name="Check response keys length is equal 11" time="0.591" classname="DropboxApiUploadDownloadTests"/>
    <testcase name="Check response keys values are equal text.txt,/text.txt,/text.txt,id:kNz2VS8OLSwAAAAAAAAB2g,2022-10-17T16:46:37Z,2022-10-17T16:46:37Z,5eb3db813f636b94ae2f1,19,true,fd2112ca5793b05e935205bb9891410beb1df1076f60d6dcc754c7377edf6fdc" time="0.591" classname="DropboxApiUploadDownloadTests"/>
    <testcase name="Validate response json schema" time="0.591" classname="DropboxApiUploadDownloadTests"/>
  </testsuite>
  <testsuite name="Negative tests / wrong endpoint / File upload test wrong endpoint" id="c589a55d-d680-45d2-8b32-6ec9cad88154" timestamp="2022-10-17T16:46:35.768Z" tests="3" failures="0" errors="0" time="0.011">
    <testcase name="Check response time is less than 3000ms" time="0.011" classname="DropboxApiUploadDownloadTests"/>
    <testcase name="Check upload file status message to be one of Bad Request,Conflict,Not Found" time="0.011" classname="DropboxApiUploadDownloadTests"/>
    <testcase name="Check upload file status code is one of [400, 404, 409]" time="0.011" classname="DropboxApiUploadDownloadTests"/>
  </testsuite>
  <testsuite name="Negative tests / wrong endpoint / Search uploaded file wrong endpoint" id="817c1571-0b19-4426-b491-6df0431eb5a8" timestamp="2022-10-17T16:46:35.768Z" tests="3" failures="0" errors="0" time="0.087">
    <testcase name="Check response time is less than 3000ms" time="0.087" classname="DropboxApiUploadDownloadTests"/>
    <testcase name="Check upload file status message to be one of Bad Request,Conflict,Not Found" time="0.087" classname="DropboxApiUploadDownloadTests"/>
    <testcase name="Check upload file status code is one of [400, 404, 409]" time="0.087" classname="DropboxApiUploadDownloadTests"/>
  </testsuite>
  <testsuite name="Negative tests / wrong endpoint / Get uploaded file metadata wrong endpoint" id="033d5ad3-d09f-4c23-82cf-3f046b0b19f4" timestamp="2022-10-17T16:46:35.768Z" tests="3" failures="0" errors="0" time="0.087">
    <testcase name="Check response time is less than 3000ms" time="0.087" classname="DropboxApiUploadDownloadTests"/>
    <testcase name="Check upload file status message to be one of Bad Request,Conflict,Not Found" time="0.087" classname="DropboxApiUploadDownloadTests"/>
    <testcase name="Check upload file status code is one of [400, 404, 409]" time="0.087" classname="DropboxApiUploadDownloadTests"/>
  </testsuite>
  <testsuite name="Negative tests / wrong endpoint / Delete uploaded file wrong endpoint" id="dd4455b2-773a-4b93-920c-f12bc97c243b" timestamp="2022-10-17T16:46:35.768Z" tests="3" failures="0" errors="0" time="0.085">
    <testcase name="Check response time is less than 3000ms" time="0.085" classname="DropboxApiUploadDownloadTests"/>
    <testcase name="Check upload file status message to be one of Bad Request,Conflict,Not Found" time="0.085" classname="DropboxApiUploadDownloadTests"/>
    <testcase name="Check upload file status code is one of [400, 404, 409]" time="0.085" classname="DropboxApiUploadDownloadTests"/>
  </testsuite>
  <testsuite name="Negative tests / wrong request body / Search uploaded file wrong request body" id="37cfcff7-8252-48ea-aaff-1b237d9ba210" timestamp="2022-10-17T16:46:35.768Z" tests="3" failures="0" errors="0" time="0.104">
    <testcase name="Check response time is less than 3000ms" time="0.104" classname="DropboxApiUploadDownloadTests"/>
    <testcase name="Check upload file status message to be one of Bad Request,Conflict,Not Found" time="0.104" classname="DropboxApiUploadDownloadTests"/>
    <testcase name="Check upload file status code is one of [400, 404, 409]" time="0.104" classname="DropboxApiUploadDownloadTests"/>
  </testsuite>
  <testsuite name="Negative tests / wrong request body / Get uploaded file metadata wrong body 'path' key value" id="097e30de-5198-47eb-b20e-f1773eaf79c2" timestamp="2022-10-17T16:46:35.768Z" tests="4" failures="0" errors="0" time="0.170">
    <testcase name="Check response time is less than 3000ms" time="0.170" classname="DropboxApiUploadDownloadTests"/>
    <testcase name="Check upload file status message to be one of Bad Request,Conflict,Not Found" time="0.170" classname="DropboxApiUploadDownloadTests"/>
    <testcase name="Check upload file status code is one of [400, 404, 409]" time="0.170" classname="DropboxApiUploadDownloadTests"/>
    <testcase name="Check response has error keys 'error_summary,error'" time="0.170" classname="DropboxApiUploadDownloadTests"/>
  </testsuite>
  <testsuite name="Negative tests / wrong request body / Delete uploaded file wrong response body 'path' key value" id="0c480222-8543-4061-8551-f86babb8aee0" timestamp="2022-10-17T16:46:35.768Z" tests="4" failures="0" errors="0" time="0.182">
    <testcase name="Check response time is less than 3000ms" time="0.182" classname="DropboxApiUploadDownloadTests"/>
    <testcase name="Check upload file status message to be one of Bad Request,Conflict,Not Found" time="0.182" classname="DropboxApiUploadDownloadTests"/>
    <testcase name="Check upload file status code is one of [400, 404, 409]" time="0.182" classname="DropboxApiUploadDownloadTests"/>
    <testcase name="Check response has error keys 'error_summary,error'" time="0.182" classname="DropboxApiUploadDownloadTests"/>
  </testsuite>
  <testsuite name="Negative tests / File upload test wrong Header 'Content-Type" id="adcea4a2-a573-4e3b-880a-ee4f1a659170" timestamp="2022-10-17T16:46:35.768Z" tests="3" failures="0" errors="0" time="0.020">
    <testcase name="Check response time is less than 3000ms" time="0.020" classname="DropboxApiUploadDownloadTests"/>
    <testcase name="Check upload file status message to be one of Bad Request,Conflict,Not Found" time="0.020" classname="DropboxApiUploadDownloadTests"/>
    <testcase name="Check upload file status code is one of [400, 404, 409]" time="0.020" classname="DropboxApiUploadDownloadTests"/>
  </testsuite>
  <testsuite name="Negative tests / Repeat delete uploaded file" id="f65ee717-d832-4cd1-b365-56c133b5a638" timestamp="2022-10-17T16:46:35.768Z" tests="4" failures="0" errors="0" time="0.201">
    <testcase name="Check response time is less than 3000ms" time="0.201" classname="DropboxApiUploadDownloadTests"/>
    <testcase name="Check upload file status message to be one of Bad Request,Conflict,Not Found" time="0.201" classname="DropboxApiUploadDownloadTests"/>
    <testcase name="Check upload file status code is one of [400, 404, 409]" time="0.201" classname="DropboxApiUploadDownloadTests"/>
    <testcase name="Check response has error keys 'error_summary,error'" time="0.201" classname="DropboxApiUploadDownloadTests"/>
  </testsuite>
</testsuites>