<?xml version="1.0" encoding="UTF-8"?>
<testsuites name="Dropbox-API-upload/download-tests" tests="17" time="3.170">
  <testsuite name="Get token / Get token" id="8d261640-71b1-4dc4-94b4-711cd156105c" timestamp="2022-10-10T11:33:54.277Z" tests="4" failures="0" errors="0" time="0.263">
    <testcase name="Check response time is less than 3000ms" time="0.263" classname="DropboxApiUploadDownloadTests"/>
    <testcase name="Check response status code is 200" time="0.263" classname="DropboxApiUploadDownloadTests"/>
    <testcase name="Check upload file status message to be 'OK'" time="0.263" classname="DropboxApiUploadDownloadTests"/>
    <testcase name="Check response body has key 'access_token'" time="0.263" classname="DropboxApiUploadDownloadTests"/>
  </testsuite>
  <testsuite name="Positive tests / Authorization tests / User authentication" id="a0030c23-7da0-4e1d-8618-f80ebf5029c6" timestamp="2022-10-10T11:33:54.277Z" tests="6" failures="0" errors="0" time="0.156">
    <testcase name="Check response time is less than 3000ms" time="0.156" classname="DropboxApiUploadDownloadTests"/>
    <testcase name="Check response status code is 200" time="0.156" classname="DropboxApiUploadDownloadTests"/>
    <testcase name="Check upload file status message to be 'OK'" time="0.156" classname="DropboxApiUploadDownloadTests"/>
    <testcase name="Check response header 'Content-Type' and its value is 'application/json'" time="0.156" classname="DropboxApiUploadDownloadTests"/>
    <testcase name="Check response header 'Content-Security-Policy' and its value" time="0.156" classname="DropboxApiUploadDownloadTests"/>
    <testcase name="Check response body has key with value" time="0.156" classname="DropboxApiUploadDownloadTests"/>
  </testsuite>
  <testsuite name="Positive tests / Authorization tests / Check app" id="43ad3469-69f4-4774-92f3-4f3b9e138c2f" timestamp="2022-10-10T11:33:54.277Z" tests="6" failures="0" errors="0" time="0.062">
    <testcase name="Check response time is less than 3000ms" time="0.062" classname="DropboxApiUploadDownloadTests"/>
    <testcase name="Check response status code is 200" time="0.062" classname="DropboxApiUploadDownloadTests"/>
    <testcase name="Check upload file status message to be 'OK'" time="0.062" classname="DropboxApiUploadDownloadTests"/>
    <testcase name="Check response header 'Content-Type' and its value is 'application/json'" time="0.062" classname="DropboxApiUploadDownloadTests"/>
    <testcase name="Check response header 'Content-Security-Policy' and its value" time="0.062" classname="DropboxApiUploadDownloadTests"/>
    <testcase name="Check response body has key with value" time="0.062" classname="DropboxApiUploadDownloadTests"/>
  </testsuite>
  <testsuite name="Positive tests / Upload file tests / File upload test" id="f310ecb2-fa80-4161-8a4a-1f62f1d81eb1" timestamp="2022-10-10T11:33:54.277Z" tests="9" failures="0" errors="0" time="0.950">
    <testcase name="Check response time is less than 3000ms" time="0.950" classname="DropboxApiUploadDownloadTests"/>
    <testcase name="Check response status code is 200" time="0.950" classname="DropboxApiUploadDownloadTests"/>
    <testcase name="Check upload file status message to be 'OK'" time="0.950" classname="DropboxApiUploadDownloadTests"/>
    <testcase name="Check 'Strict-Transport-Security' response header value is 'max-age=31536000; includeSubDomains; preload'" time="0.950" classname="DropboxApiUploadDownloadTests"/>
    <testcase name="Check response has key 'name' with value equal to uploaded file name" time="0.950" classname="DropboxApiUploadDownloadTests"/>
    <testcase name="Check response keys length is equal 10" time="0.950" classname="DropboxApiUploadDownloadTests"/>
    <testcase name="Check response keys are present" time="0.950" classname="DropboxApiUploadDownloadTests"/>
    <testcase name="Check response 'is_downloadable' value" time="0.950" classname="DropboxApiUploadDownloadTests"/>
    <testcase name="Validate response json schema" time="0.950" classname="DropboxApiUploadDownloadTests"/>
  </testsuite>
  <testsuite name="Positive tests / Upload file tests / Search uploaded file" id="cad2ec1d-7be7-4e84-a4a4-5920eadd4840" timestamp="2022-10-10T11:33:54.277Z" tests="8" failures="0" errors="0" time="0.174">
    <testcase name="Check response time is less than 3000ms" time="0.174" classname="DropboxApiUploadDownloadTests"/>
    <testcase name="Check response status code is 200" time="0.174" classname="DropboxApiUploadDownloadTests"/>
    <testcase name="Check upload file status message to be 'OK'" time="0.174" classname="DropboxApiUploadDownloadTests"/>
    <testcase name="Check response header 'Content-Security-Policy' value is 'sandbox" time="0.174" classname="DropboxApiUploadDownloadTests"/>
    <testcase name="Check response header 'Content-Type' and its value is 'application/json'" time="0.174" classname="DropboxApiUploadDownloadTests"/>
    <testcase name="Check response keys length is equal 1" time="0.174" classname="DropboxApiUploadDownloadTests"/>
    <testcase name="Check response key 'has_more' value equal to 'false'" time="0.174" classname="DropboxApiUploadDownloadTests"/>
    <testcase name="Validate response json schema" time="0.174" classname="DropboxApiUploadDownloadTests"/>
  </testsuite>
  <testsuite name="Positive tests / Get File Metadata tests / Get uploaded file via search endpoint" id="c5224367-6e9f-4bf4-99f8-d369995b4ec5" timestamp="2022-10-10T11:33:54.277Z" tests="12" failures="0" errors="0" time="0.133">
    <testcase name="Check response time is less than 3000ms" time="0.133" classname="DropboxApiUploadDownloadTests"/>
    <testcase name="Check response status code is 200" time="0.133" classname="DropboxApiUploadDownloadTests"/>
    <testcase name="Check upload file status message to be 'OK'" time="0.133" classname="DropboxApiUploadDownloadTests"/>
    <testcase name="Check response header 'Content-Type' and its value is 'application/json'" time="0.133" classname="DropboxApiUploadDownloadTests"/>
    <testcase name="Check metadadta has key 'name' with value equal to uploaded file name" time="0.133" classname="DropboxApiUploadDownloadTests"/>
    <testcase name="Check response keys length is 1" time="0.133" classname="DropboxApiUploadDownloadTests"/>
    <testcase name="Check metadata 'name' key has value 'text.txt'" time="0.133" classname="DropboxApiUploadDownloadTests"/>
    <testcase name="Check metadata 'id' key has value 'id:kNz2VS8OLSwAAAAAAAABYA'" time="0.133" classname="DropboxApiUploadDownloadTests"/>
    <testcase name="Check metadata 'content_hash' key has value 'fd2112ca5793b05e935205bb9891410beb1df1076f60d6dcc754c7377edf6fdc'" time="0.133" classname="DropboxApiUploadDownloadTests"/>
    <testcase name="Check metadata 'is_downloadable' key has value 'true'" time="0.133" classname="DropboxApiUploadDownloadTests"/>
    <testcase name="Check metadata 'size' key has value '19'" time="0.133" classname="DropboxApiUploadDownloadTests"/>
    <testcase name="Validate response json schema" time="0.133" classname="DropboxApiUploadDownloadTests"/>
  </testsuite>
  <testsuite name="Positive tests / Get File Metadata tests / Get uploaded file metadata via metadata endpoint" id="91562c4c-a749-42c7-a0e8-766c9f3c5370" timestamp="2022-10-10T11:33:54.277Z" tests="7" failures="0" errors="0" time="0.121">
    <testcase name="Check response time is less than 3000ms" time="0.121" classname="DropboxApiUploadDownloadTests"/>
    <testcase name="Check response status code is 200" time="0.121" classname="DropboxApiUploadDownloadTests"/>
    <testcase name="Check upload file status message to be 'OK'" time="0.121" classname="DropboxApiUploadDownloadTests"/>
    <testcase name="Check response header 'Content-Type' and its value is 'application/json'" time="0.121" classname="DropboxApiUploadDownloadTests"/>
    <testcase name="Check response keys length is equal 11" time="0.121" classname="DropboxApiUploadDownloadTests"/>
    <testcase name="Check response keys values are equal text.txt,/text.txt,/text.txt,id:kNz2VS8OLSwAAAAAAAABYA,2022-10-10T11:33:55Z,2022-10-10T11:33:55Z,5eaac88eb53a3b94ae2f1,19,true,fd2112ca5793b05e935205bb9891410beb1df1076f60d6dcc754c7377edf6fdc" time="0.121" classname="DropboxApiUploadDownloadTests"/>
    <testcase name="Validate response json schema" time="0.121" classname="DropboxApiUploadDownloadTests"/>
  </testsuite>
  <testsuite name="Positive tests / Delete file tests / Delete uploaded file" id="127fb9b8-b432-4a8c-b805-2f64652159dc" timestamp="2022-10-10T11:33:54.277Z" tests="7" failures="0" errors="0" time="0.705">
    <testcase name="Check response time is less than 3000ms" time="0.705" classname="DropboxApiUploadDownloadTests"/>
    <testcase name="Check response status code is 200" time="0.705" classname="DropboxApiUploadDownloadTests"/>
    <testcase name="Check upload file status message to be 'OK'" time="0.705" classname="DropboxApiUploadDownloadTests"/>
    <testcase name="Check response header 'Content-Type' and its value is 'application/json'" time="0.705" classname="DropboxApiUploadDownloadTests"/>
    <testcase name="Check response keys length is equal 11" time="0.705" classname="DropboxApiUploadDownloadTests"/>
    <testcase name="Check response keys values are equal text.txt,/text.txt,/text.txt,id:kNz2VS8OLSwAAAAAAAABYA,2022-10-10T11:33:55Z,2022-10-10T11:33:55Z,5eaac88eb53a3b94ae2f1,19,true,fd2112ca5793b05e935205bb9891410beb1df1076f60d6dcc754c7377edf6fdc" time="0.705" classname="DropboxApiUploadDownloadTests"/>
    <testcase name="Validate response json schema" time="0.705" classname="DropboxApiUploadDownloadTests"/>
  </testsuite>
  <testsuite name="Negative tests / wrong endpoint / File upload test wrong endpoint" id="6500088b-1d34-41b7-a0f4-478ebcd74beb" timestamp="2022-10-10T11:33:54.277Z" tests="3" failures="0" errors="0" time="0.023">
    <testcase name="Check response time is less than 3000ms" time="0.023" classname="DropboxApiUploadDownloadTests"/>
    <testcase name="Check upload file status message to be one of 'Bad Request,Conflict,Not Found'" time="0.023" classname="DropboxApiUploadDownloadTests"/>
    <testcase name="Check upload file status code is one of [400, 404, 409]" time="0.023" classname="DropboxApiUploadDownloadTests"/>
  </testsuite>
  <testsuite name="Negative tests / wrong endpoint / Search uploaded file wrong endpoint" id="78384086-6c4f-4a8e-abd1-e76cb9acb3e4" timestamp="2022-10-10T11:33:54.277Z" tests="3" failures="0" errors="0" time="0.050">
    <testcase name="Check response time is less than 3000ms" time="0.050" classname="DropboxApiUploadDownloadTests"/>
    <testcase name="Check upload file status message to be one of 'Bad Request,Conflict,Not Found'" time="0.050" classname="DropboxApiUploadDownloadTests"/>
    <testcase name="Check upload file status code is one of [400, 404, 409]" time="0.050" classname="DropboxApiUploadDownloadTests"/>
  </testsuite>
  <testsuite name="Negative tests / wrong endpoint / Get uploaded file metadata wrong endpoint" id="e885eaf8-6270-47bc-90a9-1a3d4a4d8038" timestamp="2022-10-10T11:33:54.277Z" tests="3" failures="0" errors="0" time="0.048">
    <testcase name="Check response time is less than 3000ms" time="0.048" classname="DropboxApiUploadDownloadTests"/>
    <testcase name="Check upload file status message to be one of 'Bad Request,Conflict,Not Found'" time="0.048" classname="DropboxApiUploadDownloadTests"/>
    <testcase name="Check upload file status code is one of [400, 404, 409]" time="0.048" classname="DropboxApiUploadDownloadTests"/>
  </testsuite>
  <testsuite name="Negative tests / wrong endpoint / Delete uploaded file wrong endpoint" id="616349e0-8628-4f5c-b81f-bc65c42b4268" timestamp="2022-10-10T11:33:54.277Z" tests="3" failures="0" errors="0" time="0.051">
    <testcase name="Check response time is less than 3000ms" time="0.051" classname="DropboxApiUploadDownloadTests"/>
    <testcase name="Check upload file status message to be one of 'Bad Request,Conflict,Not Found'" time="0.051" classname="DropboxApiUploadDownloadTests"/>
    <testcase name="Check upload file status code is one of [400, 404, 409]" time="0.051" classname="DropboxApiUploadDownloadTests"/>
  </testsuite>
  <testsuite name="Negative tests / wrong request body / Search uploaded file wrong request body" id="fdb5257a-3db5-40a2-8e71-15a3b8437a33" timestamp="2022-10-10T11:33:54.277Z" tests="3" failures="0" errors="0" time="0.057">
    <testcase name="Check response time is less than 3000ms" time="0.057" classname="DropboxApiUploadDownloadTests"/>
    <testcase name="Check upload file status message to be one of 'Bad Request,Conflict,Not Found'" time="0.057" classname="DropboxApiUploadDownloadTests"/>
    <testcase name="Check upload file status code is one of [400, 404, 409]" time="0.057" classname="DropboxApiUploadDownloadTests"/>
  </testsuite>
  <testsuite name="Negative tests / wrong request body / Get uploaded file metadata wrong body 'path' key value" id="68b07134-6693-4b55-baa0-a8700b23b251" timestamp="2022-10-10T11:33:54.277Z" tests="4" failures="0" errors="0" time="0.113">
    <testcase name="Check response time is less than 3000ms" time="0.113" classname="DropboxApiUploadDownloadTests"/>
    <testcase name="Check upload file status message to be one of 'Bad Request,Conflict,Not Found'" time="0.113" classname="DropboxApiUploadDownloadTests"/>
    <testcase name="Check upload file status code is one of [400, 404, 409]" time="0.113" classname="DropboxApiUploadDownloadTests"/>
    <testcase name="Check response has error keys 'error_summary,error''" time="0.113" classname="DropboxApiUploadDownloadTests"/>
  </testsuite>
  <testsuite name="Negative tests / wrong request body / Delete uploaded file wrong response body 'path' key value" id="549de059-775f-4682-abca-231ce9002338" timestamp="2022-10-10T11:33:54.277Z" tests="4" failures="0" errors="0" time="0.108">
    <testcase name="Check response time is less than 3000ms" time="0.108" classname="DropboxApiUploadDownloadTests"/>
    <testcase name="Check upload file status message to be one of 'Bad Request,Conflict,Not Found'" time="0.108" classname="DropboxApiUploadDownloadTests"/>
    <testcase name="Check upload file status code is one of [400, 404, 409]" time="0.108" classname="DropboxApiUploadDownloadTests"/>
    <testcase name="Check response has error keys 'error_summary,error''" time="0.108" classname="DropboxApiUploadDownloadTests"/>
  </testsuite>
  <testsuite name="Negative tests / File upload test wrong Header 'Content-Type" id="58987d2b-e4c3-45fd-865b-eeb1ad36fa83" timestamp="2022-10-10T11:33:54.277Z" tests="3" failures="0" errors="0" time="0.029">
    <testcase name="Check response time is less than 3000ms" time="0.029" classname="DropboxApiUploadDownloadTests"/>
    <testcase name="Check upload file status message to be one of 'Bad Request,Conflict,Not Found'" time="0.029" classname="DropboxApiUploadDownloadTests"/>
    <testcase name="Check upload file status code is one of [400, 404, 409]" time="0.029" classname="DropboxApiUploadDownloadTests"/>
  </testsuite>
  <testsuite name="Negative tests / Repeat delete uploaded file" id="dc63275f-3a63-4333-8a49-ee904c074436" timestamp="2022-10-10T11:33:54.277Z" tests="4" failures="0" errors="0" time="0.127">
    <testcase name="Check response time is less than 3000ms" time="0.127" classname="DropboxApiUploadDownloadTests"/>
    <testcase name="Check upload file status message to be one of 'Bad Request,Conflict,Not Found'" time="0.127" classname="DropboxApiUploadDownloadTests"/>
    <testcase name="Check upload file status code is one of [400, 404, 409]" time="0.127" classname="DropboxApiUploadDownloadTests"/>
    <testcase name="Check response has error keys 'error_summary,error''" time="0.127" classname="DropboxApiUploadDownloadTests"/>
  </testsuite>
</testsuites>