<?xml version="1.0" encoding="UTF-8"?>
<testsuites name="Dropbox-API-upload/download-tests" tests="17" time="8.370">
  <testsuite name="Get token / Get token" id="83a9bfdd-d083-4319-9232-80caa9115605" timestamp="2022-10-10T11:51:24.331Z" tests="4" failures="0" errors="0" time="0.356">
    <testcase name="Check response time is less than 3000ms" time="0.356" classname="DropboxApiUploadDownloadTests"/>
    <testcase name="Check response status code is 200" time="0.356" classname="DropboxApiUploadDownloadTests"/>
    <testcase name="Check upload file status message to be 'OK'" time="0.356" classname="DropboxApiUploadDownloadTests"/>
    <testcase name="Check response body has key 'access_token'" time="0.356" classname="DropboxApiUploadDownloadTests"/>
  </testsuite>
  <testsuite name="Positive tests / Authorization tests / User authentication" id="87ee72a4-62f4-4929-a269-b3bcd12187af" timestamp="2022-10-10T11:51:24.331Z" tests="6" failures="0" errors="0" time="0.599">
    <testcase name="Check response time is less than 3000ms" time="0.599" classname="DropboxApiUploadDownloadTests"/>
    <testcase name="Check response status code is 200" time="0.599" classname="DropboxApiUploadDownloadTests"/>
    <testcase name="Check upload file status message to be 'OK'" time="0.599" classname="DropboxApiUploadDownloadTests"/>
    <testcase name="Check response header 'Content-Type' and its value is 'application/json'" time="0.599" classname="DropboxApiUploadDownloadTests"/>
    <testcase name="Check response header 'Content-Security-Policy' and its value" time="0.599" classname="DropboxApiUploadDownloadTests"/>
    <testcase name="Check response body has key with value" time="0.599" classname="DropboxApiUploadDownloadTests"/>
  </testsuite>
  <testsuite name="Positive tests / Authorization tests / Check app" id="2b445c78-dd26-45dc-9d54-d8defba4c60c" timestamp="2022-10-10T11:51:24.331Z" tests="6" failures="0" errors="0" time="0.150">
    <testcase name="Check response time is less than 3000ms" time="0.150" classname="DropboxApiUploadDownloadTests"/>
    <testcase name="Check response status code is 200" time="0.150" classname="DropboxApiUploadDownloadTests"/>
    <testcase name="Check upload file status message to be 'OK'" time="0.150" classname="DropboxApiUploadDownloadTests"/>
    <testcase name="Check response header 'Content-Type' and its value is 'application/json'" time="0.150" classname="DropboxApiUploadDownloadTests"/>
    <testcase name="Check response header 'Content-Security-Policy' and its value" time="0.150" classname="DropboxApiUploadDownloadTests"/>
    <testcase name="Check response body has key with value" time="0.150" classname="DropboxApiUploadDownloadTests"/>
  </testsuite>
  <testsuite name="Positive tests / Upload file tests / File upload test" id="abf4e4d6-e0af-4c62-a198-c5a998c5fba4" timestamp="2022-10-10T11:51:24.331Z" tests="9" failures="0" errors="0" time="0.806">
    <testcase name="Check response time is less than 3000ms" time="0.806" classname="DropboxApiUploadDownloadTests"/>
    <testcase name="Check response status code is 200" time="0.806" classname="DropboxApiUploadDownloadTests"/>
    <testcase name="Check upload file status message to be 'OK'" time="0.806" classname="DropboxApiUploadDownloadTests"/>
    <testcase name="Check 'Strict-Transport-Security' response header value is 'max-age=31536000; includeSubDomains; preload'" time="0.806" classname="DropboxApiUploadDownloadTests"/>
    <testcase name="Check response has key 'name' with value equal to uploaded file name" time="0.806" classname="DropboxApiUploadDownloadTests"/>
    <testcase name="Check response keys length is equal 10" time="0.806" classname="DropboxApiUploadDownloadTests"/>
    <testcase name="Check response keys are present" time="0.806" classname="DropboxApiUploadDownloadTests"/>
    <testcase name="Check response 'is_downloadable' value" time="0.806" classname="DropboxApiUploadDownloadTests"/>
    <testcase name="Validate response json schema" time="0.806" classname="DropboxApiUploadDownloadTests"/>
  </testsuite>
  <testsuite name="Positive tests / Upload file tests / Search uploaded file" id="7905b364-e3de-4958-b9be-ab55a22453d6" timestamp="2022-10-10T11:51:24.331Z" tests="8" failures="0" errors="0" time="0.929">
    <testcase name="Check response time is less than 3000ms" time="0.929" classname="DropboxApiUploadDownloadTests"/>
    <testcase name="Check response status code is 200" time="0.929" classname="DropboxApiUploadDownloadTests"/>
    <testcase name="Check upload file status message to be 'OK'" time="0.929" classname="DropboxApiUploadDownloadTests"/>
    <testcase name="Check response header 'Content-Security-Policy' value is 'sandbox" time="0.929" classname="DropboxApiUploadDownloadTests"/>
    <testcase name="Check response header 'Content-Type' and its value is 'application/json'" time="0.929" classname="DropboxApiUploadDownloadTests"/>
    <testcase name="Check response keys length is equal 1" time="0.929" classname="DropboxApiUploadDownloadTests"/>
    <testcase name="Check response key 'has_more' value equal to 'false'" time="0.929" classname="DropboxApiUploadDownloadTests"/>
    <testcase name="Validate response json schema" time="0.929" classname="DropboxApiUploadDownloadTests"/>
  </testsuite>
  <testsuite name="Positive tests / Get File Metadata tests / Get uploaded file via search endpoint" id="2cfbe10f-d992-48fd-bf3c-1c6e16befefb" timestamp="2022-10-10T11:51:24.331Z" tests="12" failures="0" errors="0" time="0.237">
    <testcase name="Check response time is less than 3000ms" time="0.237" classname="DropboxApiUploadDownloadTests"/>
    <testcase name="Check response status code is 200" time="0.237" classname="DropboxApiUploadDownloadTests"/>
    <testcase name="Check upload file status message to be 'OK'" time="0.237" classname="DropboxApiUploadDownloadTests"/>
    <testcase name="Check response header 'Content-Type' and its value is 'application/json'" time="0.237" classname="DropboxApiUploadDownloadTests"/>
    <testcase name="Check metadadta has key 'name' with value equal to uploaded file name" time="0.237" classname="DropboxApiUploadDownloadTests"/>
    <testcase name="Check response keys length is 1" time="0.237" classname="DropboxApiUploadDownloadTests"/>
    <testcase name="Check metadata 'name' key has value 'text.txt'" time="0.237" classname="DropboxApiUploadDownloadTests"/>
    <testcase name="Check metadata 'id' key has value 'id:kNz2VS8OLSwAAAAAAAABYg'" time="0.237" classname="DropboxApiUploadDownloadTests"/>
    <testcase name="Check metadata 'content_hash' key has value 'fd2112ca5793b05e935205bb9891410beb1df1076f60d6dcc754c7377edf6fdc'" time="0.237" classname="DropboxApiUploadDownloadTests"/>
    <testcase name="Check metadata 'is_downloadable' key has value 'true'" time="0.237" classname="DropboxApiUploadDownloadTests"/>
    <testcase name="Check metadata 'size' key has value '19'" time="0.237" classname="DropboxApiUploadDownloadTests"/>
    <testcase name="Validate response json schema" time="0.237" classname="DropboxApiUploadDownloadTests"/>
  </testsuite>
  <testsuite name="Positive tests / Get File Metadata tests / Get uploaded file metadata via metadata endpoint" id="0cf04aff-3a83-4b4e-8473-26ab83d0449f" timestamp="2022-10-10T11:51:24.331Z" tests="7" failures="0" errors="0" time="0.309">
    <testcase name="Check response time is less than 3000ms" time="0.309" classname="DropboxApiUploadDownloadTests"/>
    <testcase name="Check response status code is 200" time="0.309" classname="DropboxApiUploadDownloadTests"/>
    <testcase name="Check upload file status message to be 'OK'" time="0.309" classname="DropboxApiUploadDownloadTests"/>
    <testcase name="Check response header 'Content-Type' and its value is 'application/json'" time="0.309" classname="DropboxApiUploadDownloadTests"/>
    <testcase name="Check response keys length is equal 11" time="0.309" classname="DropboxApiUploadDownloadTests"/>
    <testcase name="Check response keys values are equal text.txt,/text.txt,/text.txt,id:kNz2VS8OLSwAAAAAAAABYg,2022-10-10T11:51:27Z,2022-10-10T11:51:27Z,5eaacc795ccb3b94ae2f1,19,true,fd2112ca5793b05e935205bb9891410beb1df1076f60d6dcc754c7377edf6fdc" time="0.309" classname="DropboxApiUploadDownloadTests"/>
    <testcase name="Validate response json schema" time="0.309" classname="DropboxApiUploadDownloadTests"/>
  </testsuite>
  <testsuite name="Positive tests / Delete file tests / Delete uploaded file" id="bfb50253-3cc7-4f12-825d-70a81901c050" timestamp="2022-10-10T11:51:24.331Z" tests="7" failures="0" errors="0" time="1.951">
    <testcase name="Check response time is less than 3000ms" time="1.951" classname="DropboxApiUploadDownloadTests"/>
    <testcase name="Check response status code is 200" time="1.951" classname="DropboxApiUploadDownloadTests"/>
    <testcase name="Check upload file status message to be 'OK'" time="1.951" classname="DropboxApiUploadDownloadTests"/>
    <testcase name="Check response header 'Content-Type' and its value is 'application/json'" time="1.951" classname="DropboxApiUploadDownloadTests"/>
    <testcase name="Check response keys length is equal 11" time="1.951" classname="DropboxApiUploadDownloadTests"/>
    <testcase name="Check response keys values are equal text.txt,/text.txt,/text.txt,id:kNz2VS8OLSwAAAAAAAABYg,2022-10-10T11:51:27Z,2022-10-10T11:51:27Z,5eaacc795ccb3b94ae2f1,19,true,fd2112ca5793b05e935205bb9891410beb1df1076f60d6dcc754c7377edf6fdc" time="1.951" classname="DropboxApiUploadDownloadTests"/>
    <testcase name="Validate response json schema" time="1.951" classname="DropboxApiUploadDownloadTests"/>
  </testsuite>
  <testsuite name="Negative tests / wrong endpoint / File upload test wrong endpoint" id="169a828c-5c48-4d7e-8d73-1447b60bd418" timestamp="2022-10-10T11:51:24.331Z" tests="3" failures="0" errors="0" time="0.850">
    <testcase name="Check response time is less than 3000ms" time="0.850" classname="DropboxApiUploadDownloadTests"/>
    <testcase name="Check upload file status message to be one of 'Bad Request,Conflict,Not Found'" time="0.850" classname="DropboxApiUploadDownloadTests"/>
    <testcase name="Check upload file status code is one of [400, 404, 409]" time="0.850" classname="DropboxApiUploadDownloadTests"/>
  </testsuite>
  <testsuite name="Negative tests / wrong endpoint / Search uploaded file wrong endpoint" id="e14b51b1-e6d7-40de-a8c9-a024a56daa2b" timestamp="2022-10-10T11:51:24.331Z" tests="3" failures="0" errors="0" time="0.737">
    <testcase name="Check response time is less than 3000ms" time="0.737" classname="DropboxApiUploadDownloadTests"/>
    <testcase name="Check upload file status message to be one of 'Bad Request,Conflict,Not Found'" time="0.737" classname="DropboxApiUploadDownloadTests"/>
    <testcase name="Check upload file status code is one of [400, 404, 409]" time="0.737" classname="DropboxApiUploadDownloadTests"/>
  </testsuite>
  <testsuite name="Negative tests / wrong endpoint / Get uploaded file metadata wrong endpoint" id="e222b2ad-8f87-4903-8513-4ae8c3109959" timestamp="2022-10-10T11:51:24.331Z" tests="3" failures="0" errors="0" time="0.131">
    <testcase name="Check response time is less than 3000ms" time="0.131" classname="DropboxApiUploadDownloadTests"/>
    <testcase name="Check upload file status message to be one of 'Bad Request,Conflict,Not Found'" time="0.131" classname="DropboxApiUploadDownloadTests"/>
    <testcase name="Check upload file status code is one of [400, 404, 409]" time="0.131" classname="DropboxApiUploadDownloadTests"/>
  </testsuite>
  <testsuite name="Negative tests / wrong endpoint / Delete uploaded file wrong endpoint" id="6461d27d-6f9e-42ae-b266-5dd9cc8d0bc7" timestamp="2022-10-10T11:51:24.331Z" tests="3" failures="0" errors="0" time="0.129">
    <testcase name="Check response time is less than 3000ms" time="0.129" classname="DropboxApiUploadDownloadTests"/>
    <testcase name="Check upload file status message to be one of 'Bad Request,Conflict,Not Found'" time="0.129" classname="DropboxApiUploadDownloadTests"/>
    <testcase name="Check upload file status code is one of [400, 404, 409]" time="0.129" classname="DropboxApiUploadDownloadTests"/>
  </testsuite>
  <testsuite name="Negative tests / wrong request body / Search uploaded file wrong request body" id="2888abf1-97f5-4047-9365-0bcdda9245fa" timestamp="2022-10-10T11:51:24.331Z" tests="3" failures="0" errors="0" time="0.145">
    <testcase name="Check response time is less than 3000ms" time="0.145" classname="DropboxApiUploadDownloadTests"/>
    <testcase name="Check upload file status message to be one of 'Bad Request,Conflict,Not Found'" time="0.145" classname="DropboxApiUploadDownloadTests"/>
    <testcase name="Check upload file status code is one of [400, 404, 409]" time="0.145" classname="DropboxApiUploadDownloadTests"/>
  </testsuite>
  <testsuite name="Negative tests / wrong request body / Get uploaded file metadata wrong body 'path' key value" id="e24c53f5-540d-4395-9609-2adb5dc1cd30" timestamp="2022-10-10T11:51:24.331Z" tests="4" failures="0" errors="0" time="0.231">
    <testcase name="Check response time is less than 3000ms" time="0.231" classname="DropboxApiUploadDownloadTests"/>
    <testcase name="Check upload file status message to be one of 'Bad Request,Conflict,Not Found'" time="0.231" classname="DropboxApiUploadDownloadTests"/>
    <testcase name="Check upload file status code is one of [400, 404, 409]" time="0.231" classname="DropboxApiUploadDownloadTests"/>
    <testcase name="Check response has error keys 'error_summary,error''" time="0.231" classname="DropboxApiUploadDownloadTests"/>
  </testsuite>
  <testsuite name="Negative tests / wrong request body / Delete uploaded file wrong response body 'path' key value" id="751c43ff-ea89-4219-951e-dace398a3081" timestamp="2022-10-10T11:51:24.331Z" tests="4" failures="0" errors="0" time="0.422">
    <testcase name="Check response time is less than 3000ms" time="0.422" classname="DropboxApiUploadDownloadTests"/>
    <testcase name="Check upload file status message to be one of 'Bad Request,Conflict,Not Found'" time="0.422" classname="DropboxApiUploadDownloadTests"/>
    <testcase name="Check upload file status code is one of [400, 404, 409]" time="0.422" classname="DropboxApiUploadDownloadTests"/>
    <testcase name="Check response has error keys 'error_summary,error''" time="0.422" classname="DropboxApiUploadDownloadTests"/>
  </testsuite>
  <testsuite name="Negative tests / File upload test wrong Header 'Content-Type" id="ce71d22a-7dd0-47a9-8fd9-904380596f61" timestamp="2022-10-10T11:51:24.331Z" tests="3" failures="0" errors="0" time="0.177">
    <testcase name="Check response time is less than 3000ms" time="0.177" classname="DropboxApiUploadDownloadTests"/>
    <testcase name="Check upload file status message to be one of 'Bad Request,Conflict,Not Found'" time="0.177" classname="DropboxApiUploadDownloadTests"/>
    <testcase name="Check upload file status code is one of [400, 404, 409]" time="0.177" classname="DropboxApiUploadDownloadTests"/>
  </testsuite>
  <testsuite name="Negative tests / Repeat delete uploaded file" id="09d6a114-09b7-4921-a75f-31cfc9f462e7" timestamp="2022-10-10T11:51:24.331Z" tests="4" failures="0" errors="0" time="0.211">
    <testcase name="Check response time is less than 3000ms" time="0.211" classname="DropboxApiUploadDownloadTests"/>
    <testcase name="Check upload file status message to be one of 'Bad Request,Conflict,Not Found'" time="0.211" classname="DropboxApiUploadDownloadTests"/>
    <testcase name="Check upload file status code is one of [400, 404, 409]" time="0.211" classname="DropboxApiUploadDownloadTests"/>
    <testcase name="Check response has error keys 'error_summary,error''" time="0.211" classname="DropboxApiUploadDownloadTests"/>
  </testsuite>
</testsuites>