<?xml version="1.0" encoding="UTF-8"?>
<testsuites name="Dropbox-API-upload/download-tests" tests="17" time="5.486">
  <testsuite name="Get token / Get token" id="b7ec4413-56d3-4a5c-a4c3-f4c71cee4bd7" timestamp="2022-10-10T12:32:28.726Z" tests="4" failures="0" errors="0" time="0.682">
    <testcase name="Check response time is less than 3000ms" time="0.682" classname="DropboxApiUploadDownloadTests"/>
    <testcase name="Check response status code is 200" time="0.682" classname="DropboxApiUploadDownloadTests"/>
    <testcase name="Check upload file status message to be 'OK'" time="0.682" classname="DropboxApiUploadDownloadTests"/>
    <testcase name="Check response body has key 'access_token'" time="0.682" classname="DropboxApiUploadDownloadTests"/>
  </testsuite>
  <testsuite name="Positive tests / Authorization tests / User authentication" id="506d4f49-bef8-483e-81af-f974da8964fc" timestamp="2022-10-10T12:32:28.726Z" tests="6" failures="0" errors="0" time="0.252">
    <testcase name="Check response time is less than 3000ms" time="0.252" classname="DropboxApiUploadDownloadTests"/>
    <testcase name="Check response status code is 200" time="0.252" classname="DropboxApiUploadDownloadTests"/>
    <testcase name="Check upload file status message to be 'OK'" time="0.252" classname="DropboxApiUploadDownloadTests"/>
    <testcase name="Check response header 'Content-Type' and its value is 'application/json'" time="0.252" classname="DropboxApiUploadDownloadTests"/>
    <testcase name="Check response header 'Content-Security-Policy' and its value" time="0.252" classname="DropboxApiUploadDownloadTests"/>
    <testcase name="Check response body has key with value" time="0.252" classname="DropboxApiUploadDownloadTests"/>
  </testsuite>
  <testsuite name="Positive tests / Authorization tests / Check app" id="c5692b9a-ca4b-45a6-abfa-12a760313f64" timestamp="2022-10-10T12:32:28.726Z" tests="6" failures="0" errors="0" time="0.153">
    <testcase name="Check response time is less than 3000ms" time="0.153" classname="DropboxApiUploadDownloadTests"/>
    <testcase name="Check response status code is 200" time="0.153" classname="DropboxApiUploadDownloadTests"/>
    <testcase name="Check upload file status message to be 'OK'" time="0.153" classname="DropboxApiUploadDownloadTests"/>
    <testcase name="Check response header 'Content-Type' and its value is 'application/json'" time="0.153" classname="DropboxApiUploadDownloadTests"/>
    <testcase name="Check response header 'Content-Security-Policy' and its value" time="0.153" classname="DropboxApiUploadDownloadTests"/>
    <testcase name="Check response body has key with value" time="0.153" classname="DropboxApiUploadDownloadTests"/>
  </testsuite>
  <testsuite name="Positive tests / Upload file tests / File upload test" id="cab8c9ff-297f-4912-acc8-b91fb3ddb4a3" timestamp="2022-10-10T12:32:28.726Z" tests="9" failures="0" errors="0" time="0.879">
    <testcase name="Check response time is less than 3000ms" time="0.879" classname="DropboxApiUploadDownloadTests"/>
    <testcase name="Check response status code is 200" time="0.879" classname="DropboxApiUploadDownloadTests"/>
    <testcase name="Check upload file status message to be 'OK'" time="0.879" classname="DropboxApiUploadDownloadTests"/>
    <testcase name="Check 'Strict-Transport-Security' response header value is 'max-age=31536000; includeSubDomains; preload'" time="0.879" classname="DropboxApiUploadDownloadTests"/>
    <testcase name="Check response has key 'name' with value equal to uploaded file name" time="0.879" classname="DropboxApiUploadDownloadTests"/>
    <testcase name="Check response keys length is equal 10" time="0.879" classname="DropboxApiUploadDownloadTests"/>
    <testcase name="Check response keys are present" time="0.879" classname="DropboxApiUploadDownloadTests"/>
    <testcase name="Check response 'is_downloadable' value" time="0.879" classname="DropboxApiUploadDownloadTests"/>
    <testcase name="Validate response json schema" time="0.879" classname="DropboxApiUploadDownloadTests"/>
  </testsuite>
  <testsuite name="Positive tests / Upload file tests / Search uploaded file" id="dd5542de-5704-4c0c-91cf-103318d48c72" timestamp="2022-10-10T12:32:28.726Z" tests="8" failures="0" errors="0" time="0.237">
    <testcase name="Check response time is less than 3000ms" time="0.237" classname="DropboxApiUploadDownloadTests"/>
    <testcase name="Check response status code is 200" time="0.237" classname="DropboxApiUploadDownloadTests"/>
    <testcase name="Check upload file status message to be 'OK'" time="0.237" classname="DropboxApiUploadDownloadTests"/>
    <testcase name="Check response header 'Content-Security-Policy' value is 'sandbox" time="0.237" classname="DropboxApiUploadDownloadTests"/>
    <testcase name="Check response header 'Content-Type' and its value is 'application/json'" time="0.237" classname="DropboxApiUploadDownloadTests"/>
    <testcase name="Check response keys length is equal 1" time="0.237" classname="DropboxApiUploadDownloadTests"/>
    <testcase name="Check response key 'has_more' value equal to 'false'" time="0.237" classname="DropboxApiUploadDownloadTests"/>
    <testcase name="Validate response json schema" time="0.237" classname="DropboxApiUploadDownloadTests"/>
  </testsuite>
  <testsuite name="Positive tests / Get File Metadata tests / Get uploaded file via search endpoint" id="ab02b08d-f2f0-4dec-928d-78b256ea6c22" timestamp="2022-10-10T12:32:28.726Z" tests="12" failures="0" errors="0" time="0.216">
    <testcase name="Check response time is less than 3000ms" time="0.216" classname="DropboxApiUploadDownloadTests"/>
    <testcase name="Check response status code is 200" time="0.216" classname="DropboxApiUploadDownloadTests"/>
    <testcase name="Check upload file status message to be 'OK'" time="0.216" classname="DropboxApiUploadDownloadTests"/>
    <testcase name="Check response header 'Content-Type' and its value is 'application/json'" time="0.216" classname="DropboxApiUploadDownloadTests"/>
    <testcase name="Check metadadta has key 'name' with value equal to uploaded file name" time="0.216" classname="DropboxApiUploadDownloadTests"/>
    <testcase name="Check response keys length is 1" time="0.216" classname="DropboxApiUploadDownloadTests"/>
    <testcase name="Check metadata 'name' key has value 'text.txt'" time="0.216" classname="DropboxApiUploadDownloadTests"/>
    <testcase name="Check metadata 'id' key has value 'id:kNz2VS8OLSwAAAAAAAABZQ'" time="0.216" classname="DropboxApiUploadDownloadTests"/>
    <testcase name="Check metadata 'content_hash' key has value 'fd2112ca5793b05e935205bb9891410beb1df1076f60d6dcc754c7377edf6fdc'" time="0.216" classname="DropboxApiUploadDownloadTests"/>
    <testcase name="Check metadata 'is_downloadable' key has value 'true'" time="0.216" classname="DropboxApiUploadDownloadTests"/>
    <testcase name="Check metadata 'size' key has value '19'" time="0.216" classname="DropboxApiUploadDownloadTests"/>
    <testcase name="Validate response json schema" time="0.216" classname="DropboxApiUploadDownloadTests"/>
  </testsuite>
  <testsuite name="Positive tests / Get File Metadata tests / Get uploaded file metadata via metadata endpoint" id="b96e06f6-410d-4193-9a2f-b2d0faa01f5d" timestamp="2022-10-10T12:32:28.726Z" tests="7" failures="0" errors="0" time="0.223">
    <testcase name="Check response time is less than 3000ms" time="0.223" classname="DropboxApiUploadDownloadTests"/>
    <testcase name="Check response status code is 200" time="0.223" classname="DropboxApiUploadDownloadTests"/>
    <testcase name="Check upload file status message to be 'OK'" time="0.223" classname="DropboxApiUploadDownloadTests"/>
    <testcase name="Check response header 'Content-Type' and its value is 'application/json'" time="0.223" classname="DropboxApiUploadDownloadTests"/>
    <testcase name="Check response keys length is equal 11" time="0.223" classname="DropboxApiUploadDownloadTests"/>
    <testcase name="Check response keys values are equal text.txt,/text.txt,/text.txt,id:kNz2VS8OLSwAAAAAAAABZQ,2022-10-10T12:32:31Z,2022-10-10T12:32:31Z,5eaad5a78f27cb94ae2f1,19,true,fd2112ca5793b05e935205bb9891410beb1df1076f60d6dcc754c7377edf6fdc" time="0.223" classname="DropboxApiUploadDownloadTests"/>
    <testcase name="Validate response json schema" time="0.223" classname="DropboxApiUploadDownloadTests"/>
  </testsuite>
  <testsuite name="Positive tests / Delete file tests / Delete uploaded file" id="8589321b-5127-4e89-b692-2544da42626b" timestamp="2022-10-10T12:32:28.726Z" tests="7" failures="0" errors="0" time="0.788">
    <testcase name="Check response time is less than 3000ms" time="0.788" classname="DropboxApiUploadDownloadTests"/>
    <testcase name="Check response status code is 200" time="0.788" classname="DropboxApiUploadDownloadTests"/>
    <testcase name="Check upload file status message to be 'OK'" time="0.788" classname="DropboxApiUploadDownloadTests"/>
    <testcase name="Check response header 'Content-Type' and its value is 'application/json'" time="0.788" classname="DropboxApiUploadDownloadTests"/>
    <testcase name="Check response keys length is equal 11" time="0.788" classname="DropboxApiUploadDownloadTests"/>
    <testcase name="Check response keys values are equal text.txt,/text.txt,/text.txt,id:kNz2VS8OLSwAAAAAAAABZQ,2022-10-10T12:32:31Z,2022-10-10T12:32:31Z,5eaad5a78f27cb94ae2f1,19,true,fd2112ca5793b05e935205bb9891410beb1df1076f60d6dcc754c7377edf6fdc" time="0.788" classname="DropboxApiUploadDownloadTests"/>
    <testcase name="Validate response json schema" time="0.788" classname="DropboxApiUploadDownloadTests"/>
  </testsuite>
  <testsuite name="Negative tests / wrong endpoint / File upload test wrong endpoint" id="63ee04f6-6466-4158-b7f0-5f10f8cb1fcb" timestamp="2022-10-10T12:32:28.726Z" tests="3" failures="0" errors="0" time="0.141">
    <testcase name="Check response time is less than 3000ms" time="0.141" classname="DropboxApiUploadDownloadTests"/>
    <testcase name="Check upload file status message to be one of 'Bad Request,Conflict,Not Found'" time="0.141" classname="DropboxApiUploadDownloadTests"/>
    <testcase name="Check upload file status code is one of [400, 404, 409]" time="0.141" classname="DropboxApiUploadDownloadTests"/>
  </testsuite>
  <testsuite name="Negative tests / wrong endpoint / Search uploaded file wrong endpoint" id="3befe6a7-6b0a-479c-a12f-f862334798d6" timestamp="2022-10-10T12:32:28.726Z" tests="3" failures="0" errors="0" time="0.253">
    <testcase name="Check response time is less than 3000ms" time="0.253" classname="DropboxApiUploadDownloadTests"/>
    <testcase name="Check upload file status message to be one of 'Bad Request,Conflict,Not Found'" time="0.253" classname="DropboxApiUploadDownloadTests"/>
    <testcase name="Check upload file status code is one of [400, 404, 409]" time="0.253" classname="DropboxApiUploadDownloadTests"/>
  </testsuite>
  <testsuite name="Negative tests / wrong endpoint / Get uploaded file metadata wrong endpoint" id="a2f10596-07f7-4fb7-b4ae-f61f16eac4e0" timestamp="2022-10-10T12:32:28.726Z" tests="3" failures="0" errors="0" time="0.262">
    <testcase name="Check response time is less than 3000ms" time="0.262" classname="DropboxApiUploadDownloadTests"/>
    <testcase name="Check upload file status message to be one of 'Bad Request,Conflict,Not Found'" time="0.262" classname="DropboxApiUploadDownloadTests"/>
    <testcase name="Check upload file status code is one of [400, 404, 409]" time="0.262" classname="DropboxApiUploadDownloadTests"/>
  </testsuite>
  <testsuite name="Negative tests / wrong endpoint / Delete uploaded file wrong endpoint" id="988cf025-bbb6-4c4a-a44a-592e9bcf3d5b" timestamp="2022-10-10T12:32:28.726Z" tests="3" failures="0" errors="0" time="0.227">
    <testcase name="Check response time is less than 3000ms" time="0.227" classname="DropboxApiUploadDownloadTests"/>
    <testcase name="Check upload file status message to be one of 'Bad Request,Conflict,Not Found'" time="0.227" classname="DropboxApiUploadDownloadTests"/>
    <testcase name="Check upload file status code is one of [400, 404, 409]" time="0.227" classname="DropboxApiUploadDownloadTests"/>
  </testsuite>
  <testsuite name="Negative tests / wrong request body / Search uploaded file wrong request body" id="b8435f00-961b-4d74-8cd4-306ab30b153b" timestamp="2022-10-10T12:32:28.726Z" tests="3" failures="0" errors="0" time="0.184">
    <testcase name="Check response time is less than 3000ms" time="0.184" classname="DropboxApiUploadDownloadTests"/>
    <testcase name="Check upload file status message to be one of 'Bad Request,Conflict,Not Found'" time="0.184" classname="DropboxApiUploadDownloadTests"/>
    <testcase name="Check upload file status code is one of [400, 404, 409]" time="0.184" classname="DropboxApiUploadDownloadTests"/>
  </testsuite>
  <testsuite name="Negative tests / wrong request body / Get uploaded file metadata wrong body 'path' key value" id="3104e58c-cd16-470e-b45e-2daa2e727ed2" timestamp="2022-10-10T12:32:28.726Z" tests="4" failures="0" errors="0" time="0.287">
    <testcase name="Check response time is less than 3000ms" time="0.287" classname="DropboxApiUploadDownloadTests"/>
    <testcase name="Check upload file status message to be one of 'Bad Request,Conflict,Not Found'" time="0.287" classname="DropboxApiUploadDownloadTests"/>
    <testcase name="Check upload file status code is one of [400, 404, 409]" time="0.287" classname="DropboxApiUploadDownloadTests"/>
    <testcase name="Check response has error keys 'error_summary,error''" time="0.287" classname="DropboxApiUploadDownloadTests"/>
  </testsuite>
  <testsuite name="Negative tests / wrong request body / Delete uploaded file wrong response body 'path' key value" id="bb4b6482-7ff7-4653-9a9b-83815edc4fb0" timestamp="2022-10-10T12:32:28.726Z" tests="4" failures="0" errors="0" time="0.253">
    <testcase name="Check response time is less than 3000ms" time="0.253" classname="DropboxApiUploadDownloadTests"/>
    <testcase name="Check upload file status message to be one of 'Bad Request,Conflict,Not Found'" time="0.253" classname="DropboxApiUploadDownloadTests"/>
    <testcase name="Check upload file status code is one of [400, 404, 409]" time="0.253" classname="DropboxApiUploadDownloadTests"/>
    <testcase name="Check response has error keys 'error_summary,error''" time="0.253" classname="DropboxApiUploadDownloadTests"/>
  </testsuite>
  <testsuite name="Negative tests / File upload test wrong Header 'Content-Type" id="a6e0e4e6-9fd8-4893-8d49-7fda6de1dcbf" timestamp="2022-10-10T12:32:28.726Z" tests="3" failures="0" errors="0" time="0.225">
    <testcase name="Check response time is less than 3000ms" time="0.225" classname="DropboxApiUploadDownloadTests"/>
    <testcase name="Check upload file status message to be one of 'Bad Request,Conflict,Not Found'" time="0.225" classname="DropboxApiUploadDownloadTests"/>
    <testcase name="Check upload file status code is one of [400, 404, 409]" time="0.225" classname="DropboxApiUploadDownloadTests"/>
  </testsuite>
  <testsuite name="Negative tests / Repeat delete uploaded file" id="9d1e5eaf-e18d-408b-98a4-a29af4ad820a" timestamp="2022-10-10T12:32:28.726Z" tests="4" failures="0" errors="0" time="0.224">
    <testcase name="Check response time is less than 3000ms" time="0.224" classname="DropboxApiUploadDownloadTests"/>
    <testcase name="Check upload file status message to be one of 'Bad Request,Conflict,Not Found'" time="0.224" classname="DropboxApiUploadDownloadTests"/>
    <testcase name="Check upload file status code is one of [400, 404, 409]" time="0.224" classname="DropboxApiUploadDownloadTests"/>
    <testcase name="Check response has error keys 'error_summary,error''" time="0.224" classname="DropboxApiUploadDownloadTests"/>
  </testsuite>
</testsuites>