<?xml version="1.0" encoding="UTF-8"?>
<testsuites name="Dropbox-API-upload/download-tests" tests="17" time="5.086">
  <testsuite name="Get token / Get token" id="d918d10b-30f2-42cf-848b-b4283c9c16fa" timestamp="2022-10-11T08:54:18.264Z" tests="4" failures="0" errors="0" time="0.335">
    <testcase name="Check response time is less than 3000ms" time="0.335" classname="DropboxApiUploadDownloadTests"/>
    <testcase name="Check response status code is 200" time="0.335" classname="DropboxApiUploadDownloadTests"/>
    <testcase name="Check upload file status message to be 'OK'" time="0.335" classname="DropboxApiUploadDownloadTests"/>
    <testcase name="Check response body has key 'access_token'" time="0.335" classname="DropboxApiUploadDownloadTests"/>
  </testsuite>
  <testsuite name="Positive tests / Authorization tests / User authentication" id="67c77bf4-5ebf-459c-9845-e53b9ec454df" timestamp="2022-10-11T08:54:18.264Z" tests="6" failures="0" errors="0" time="0.249">
    <testcase name="Check response time is less than 3000ms" time="0.249" classname="DropboxApiUploadDownloadTests"/>
    <testcase name="Check response status code is 200" time="0.249" classname="DropboxApiUploadDownloadTests"/>
    <testcase name="Check upload file status message to be 'OK'" time="0.249" classname="DropboxApiUploadDownloadTests"/>
    <testcase name="Check response header 'Content-Type' and its value is 'application/json'" time="0.249" classname="DropboxApiUploadDownloadTests"/>
    <testcase name="Check response header 'Content-Security-Policy' and its value" time="0.249" classname="DropboxApiUploadDownloadTests"/>
    <testcase name="Check response body has key with value" time="0.249" classname="DropboxApiUploadDownloadTests"/>
  </testsuite>
  <testsuite name="Positive tests / Authorization tests / Check app" id="ceae46c2-02df-4825-b0e1-273247cecb1d" timestamp="2022-10-11T08:54:18.264Z" tests="6" failures="0" errors="0" time="0.163">
    <testcase name="Check response time is less than 3000ms" time="0.163" classname="DropboxApiUploadDownloadTests"/>
    <testcase name="Check response status code is 200" time="0.163" classname="DropboxApiUploadDownloadTests"/>
    <testcase name="Check upload file status message to be 'OK'" time="0.163" classname="DropboxApiUploadDownloadTests"/>
    <testcase name="Check response header 'Content-Type' and its value is 'application/json'" time="0.163" classname="DropboxApiUploadDownloadTests"/>
    <testcase name="Check response header 'Content-Security-Policy' and its value" time="0.163" classname="DropboxApiUploadDownloadTests"/>
    <testcase name="Check response body has key with value" time="0.163" classname="DropboxApiUploadDownloadTests"/>
  </testsuite>
  <testsuite name="Positive tests / Upload file tests / File upload test" id="fa62368e-8dc8-4f1c-ac3e-b41561153263" timestamp="2022-10-11T08:54:18.264Z" tests="9" failures="0" errors="0" time="1.012">
    <testcase name="Check response time is less than 3000ms" time="1.012" classname="DropboxApiUploadDownloadTests"/>
    <testcase name="Check response status code is 200" time="1.012" classname="DropboxApiUploadDownloadTests"/>
    <testcase name="Check upload file status message to be 'OK'" time="1.012" classname="DropboxApiUploadDownloadTests"/>
    <testcase name="Check 'Strict-Transport-Security' response header value is 'max-age=31536000; includeSubDomains; preload'" time="1.012" classname="DropboxApiUploadDownloadTests"/>
    <testcase name="Check response has key 'name' with value equal to uploaded file name" time="1.012" classname="DropboxApiUploadDownloadTests"/>
    <testcase name="Check response keys length is equal 10" time="1.012" classname="DropboxApiUploadDownloadTests"/>
    <testcase name="Check response keys are present" time="1.012" classname="DropboxApiUploadDownloadTests"/>
    <testcase name="Check response 'is_downloadable' value" time="1.012" classname="DropboxApiUploadDownloadTests"/>
    <testcase name="Validate response json schema" time="1.012" classname="DropboxApiUploadDownloadTests"/>
  </testsuite>
  <testsuite name="Positive tests / Upload file tests / Search uploaded file" id="e8c2f8cc-f600-4dbd-b735-88eff6c002af" timestamp="2022-10-11T08:54:18.264Z" tests="8" failures="0" errors="0" time="0.274">
    <testcase name="Check response time is less than 3000ms" time="0.274" classname="DropboxApiUploadDownloadTests"/>
    <testcase name="Check response status code is 200" time="0.274" classname="DropboxApiUploadDownloadTests"/>
    <testcase name="Check upload file status message to be 'OK'" time="0.274" classname="DropboxApiUploadDownloadTests"/>
    <testcase name="Check response header 'Content-Security-Policy' value is 'sandbox" time="0.274" classname="DropboxApiUploadDownloadTests"/>
    <testcase name="Check response header 'Content-Type' and its value is 'application/json'" time="0.274" classname="DropboxApiUploadDownloadTests"/>
    <testcase name="Check response keys length is equal 1" time="0.274" classname="DropboxApiUploadDownloadTests"/>
    <testcase name="Check response key 'has_more' value equal to 'false'" time="0.274" classname="DropboxApiUploadDownloadTests"/>
    <testcase name="Validate response json schema" time="0.274" classname="DropboxApiUploadDownloadTests"/>
  </testsuite>
  <testsuite name="Positive tests / Get File Metadata tests / Get uploaded file via search endpoint" id="dd893d81-1e8f-41e9-aada-0f74ba34912a" timestamp="2022-10-11T08:54:18.264Z" tests="12" failures="0" errors="0" time="0.301">
    <testcase name="Check response time is less than 3000ms" time="0.301" classname="DropboxApiUploadDownloadTests"/>
    <testcase name="Check response status code is 200" time="0.301" classname="DropboxApiUploadDownloadTests"/>
    <testcase name="Check upload file status message to be 'OK'" time="0.301" classname="DropboxApiUploadDownloadTests"/>
    <testcase name="Check response header 'Content-Type' and its value is 'application/json'" time="0.301" classname="DropboxApiUploadDownloadTests"/>
    <testcase name="Check metadadta has key 'name' with value equal to uploaded file name" time="0.301" classname="DropboxApiUploadDownloadTests"/>
    <testcase name="Check response keys length is 1" time="0.301" classname="DropboxApiUploadDownloadTests"/>
    <testcase name="Check metadata 'name' key has value 'text.txt'" time="0.301" classname="DropboxApiUploadDownloadTests"/>
    <testcase name="Check metadata 'id' key has value 'id:kNz2VS8OLSwAAAAAAAABdQ'" time="0.301" classname="DropboxApiUploadDownloadTests"/>
    <testcase name="Check metadata 'content_hash' key has value 'fd2112ca5793b05e935205bb9891410beb1df1076f60d6dcc754c7377edf6fdc'" time="0.301" classname="DropboxApiUploadDownloadTests"/>
    <testcase name="Check metadata 'is_downloadable' key has value 'true'" time="0.301" classname="DropboxApiUploadDownloadTests"/>
    <testcase name="Check metadata 'size' key has value '19'" time="0.301" classname="DropboxApiUploadDownloadTests"/>
    <testcase name="Validate response json schema" time="0.301" classname="DropboxApiUploadDownloadTests"/>
  </testsuite>
  <testsuite name="Positive tests / Get File Metadata tests / Get uploaded file metadata via metadata endpoint" id="890243ab-fd9a-40ea-89ef-dc6567c9d07b" timestamp="2022-10-11T08:54:18.264Z" tests="7" failures="0" errors="0" time="0.220">
    <testcase name="Check response time is less than 3000ms" time="0.220" classname="DropboxApiUploadDownloadTests"/>
    <testcase name="Check response status code is 200" time="0.220" classname="DropboxApiUploadDownloadTests"/>
    <testcase name="Check upload file status message to be 'OK'" time="0.220" classname="DropboxApiUploadDownloadTests"/>
    <testcase name="Check response header 'Content-Type' and its value is 'application/json'" time="0.220" classname="DropboxApiUploadDownloadTests"/>
    <testcase name="Check response keys length is equal 11" time="0.220" classname="DropboxApiUploadDownloadTests"/>
    <testcase name="Check response keys values are equal text.txt,/text.txt,/text.txt,id:kNz2VS8OLSwAAAAAAAABdQ,2022-10-11T08:54:19Z,2022-10-11T08:54:20Z,5eabe6c00dc7bb94ae2f1,19,true,fd2112ca5793b05e935205bb9891410beb1df1076f60d6dcc754c7377edf6fdc" time="0.220" classname="DropboxApiUploadDownloadTests"/>
    <testcase name="Validate response json schema" time="0.220" classname="DropboxApiUploadDownloadTests"/>
  </testsuite>
  <testsuite name="Positive tests / Delete file tests / Delete uploaded file" id="66933f0b-ec15-4abf-a5a5-ec7b60087bd1" timestamp="2022-10-11T08:54:18.264Z" tests="7" failures="0" errors="0" time="1.016">
    <testcase name="Check response time is less than 3000ms" time="1.016" classname="DropboxApiUploadDownloadTests"/>
    <testcase name="Check response status code is 200" time="1.016" classname="DropboxApiUploadDownloadTests"/>
    <testcase name="Check upload file status message to be 'OK'" time="1.016" classname="DropboxApiUploadDownloadTests"/>
    <testcase name="Check response header 'Content-Type' and its value is 'application/json'" time="1.016" classname="DropboxApiUploadDownloadTests"/>
    <testcase name="Check response keys length is equal 11" time="1.016" classname="DropboxApiUploadDownloadTests"/>
    <testcase name="Check response keys values are equal text.txt,/text.txt,/text.txt,id:kNz2VS8OLSwAAAAAAAABdQ,2022-10-11T08:54:19Z,2022-10-11T08:54:20Z,5eabe6c00dc7bb94ae2f1,19,true,fd2112ca5793b05e935205bb9891410beb1df1076f60d6dcc754c7377edf6fdc" time="1.016" classname="DropboxApiUploadDownloadTests"/>
    <testcase name="Validate response json schema" time="1.016" classname="DropboxApiUploadDownloadTests"/>
  </testsuite>
  <testsuite name="Negative tests / wrong endpoint / File upload test wrong endpoint" id="031be8a2-97a1-41aa-b8be-b18748712305" timestamp="2022-10-11T08:54:18.264Z" tests="3" failures="0" errors="0" time="0.160">
    <testcase name="Check response time is less than 3000ms" time="0.160" classname="DropboxApiUploadDownloadTests"/>
    <testcase name="Check upload file status message to be one of 'Bad Request,Conflict,Not Found'" time="0.160" classname="DropboxApiUploadDownloadTests"/>
    <testcase name="Check upload file status code is one of [400, 404, 409]" time="0.160" classname="DropboxApiUploadDownloadTests"/>
  </testsuite>
  <testsuite name="Negative tests / wrong endpoint / Search uploaded file wrong endpoint" id="ad6dbe7e-4f4b-4753-8bbf-f069243dc3ab" timestamp="2022-10-11T08:54:18.264Z" tests="3" failures="0" errors="0" time="0.136">
    <testcase name="Check response time is less than 3000ms" time="0.136" classname="DropboxApiUploadDownloadTests"/>
    <testcase name="Check upload file status message to be one of 'Bad Request,Conflict,Not Found'" time="0.136" classname="DropboxApiUploadDownloadTests"/>
    <testcase name="Check upload file status code is one of [400, 404, 409]" time="0.136" classname="DropboxApiUploadDownloadTests"/>
  </testsuite>
  <testsuite name="Negative tests / wrong endpoint / Get uploaded file metadata wrong endpoint" id="f4e649bd-fbff-4abe-849d-cc2d832e3890" timestamp="2022-10-11T08:54:18.264Z" tests="3" failures="0" errors="0" time="0.137">
    <testcase name="Check response time is less than 3000ms" time="0.137" classname="DropboxApiUploadDownloadTests"/>
    <testcase name="Check upload file status message to be one of 'Bad Request,Conflict,Not Found'" time="0.137" classname="DropboxApiUploadDownloadTests"/>
    <testcase name="Check upload file status code is one of [400, 404, 409]" time="0.137" classname="DropboxApiUploadDownloadTests"/>
  </testsuite>
  <testsuite name="Negative tests / wrong endpoint / Delete uploaded file wrong endpoint" id="44b54da8-190f-431b-9a1c-d907e3322501" timestamp="2022-10-11T08:54:18.264Z" tests="3" failures="0" errors="0" time="0.136">
    <testcase name="Check response time is less than 3000ms" time="0.136" classname="DropboxApiUploadDownloadTests"/>
    <testcase name="Check upload file status message to be one of 'Bad Request,Conflict,Not Found'" time="0.136" classname="DropboxApiUploadDownloadTests"/>
    <testcase name="Check upload file status code is one of [400, 404, 409]" time="0.136" classname="DropboxApiUploadDownloadTests"/>
  </testsuite>
  <testsuite name="Negative tests / wrong request body / Search uploaded file wrong request body" id="113cd255-ce64-41e5-a4c6-d62e9b10f619" timestamp="2022-10-11T08:54:18.264Z" tests="3" failures="0" errors="0" time="0.141">
    <testcase name="Check response time is less than 3000ms" time="0.141" classname="DropboxApiUploadDownloadTests"/>
    <testcase name="Check upload file status message to be one of 'Bad Request,Conflict,Not Found'" time="0.141" classname="DropboxApiUploadDownloadTests"/>
    <testcase name="Check upload file status code is one of [400, 404, 409]" time="0.141" classname="DropboxApiUploadDownloadTests"/>
  </testsuite>
  <testsuite name="Negative tests / wrong request body / Get uploaded file metadata wrong body 'path' key value" id="2fa6f018-219d-4a08-9b4c-f2d8c8b18c62" timestamp="2022-10-11T08:54:18.264Z" tests="4" failures="0" errors="0" time="0.228">
    <testcase name="Check response time is less than 3000ms" time="0.228" classname="DropboxApiUploadDownloadTests"/>
    <testcase name="Check upload file status message to be one of 'Bad Request,Conflict,Not Found'" time="0.228" classname="DropboxApiUploadDownloadTests"/>
    <testcase name="Check upload file status code is one of [400, 404, 409]" time="0.228" classname="DropboxApiUploadDownloadTests"/>
    <testcase name="Check response has error keys 'error_summary,error''" time="0.228" classname="DropboxApiUploadDownloadTests"/>
  </testsuite>
  <testsuite name="Negative tests / wrong request body / Delete uploaded file wrong response body 'path' key value" id="0ffb3006-ef74-447b-a1e3-5868a58b5de4" timestamp="2022-10-11T08:54:18.264Z" tests="4" failures="0" errors="0" time="0.181">
    <testcase name="Check response time is less than 3000ms" time="0.181" classname="DropboxApiUploadDownloadTests"/>
    <testcase name="Check upload file status message to be one of 'Bad Request,Conflict,Not Found'" time="0.181" classname="DropboxApiUploadDownloadTests"/>
    <testcase name="Check upload file status code is one of [400, 404, 409]" time="0.181" classname="DropboxApiUploadDownloadTests"/>
    <testcase name="Check response has error keys 'error_summary,error''" time="0.181" classname="DropboxApiUploadDownloadTests"/>
  </testsuite>
  <testsuite name="Negative tests / File upload test wrong Header 'Content-Type" id="62b1c644-868f-4141-af85-894c7dabeeb0" timestamp="2022-10-11T08:54:18.264Z" tests="3" failures="0" errors="0" time="0.168">
    <testcase name="Check response time is less than 3000ms" time="0.168" classname="DropboxApiUploadDownloadTests"/>
    <testcase name="Check upload file status message to be one of 'Bad Request,Conflict,Not Found'" time="0.168" classname="DropboxApiUploadDownloadTests"/>
    <testcase name="Check upload file status code is one of [400, 404, 409]" time="0.168" classname="DropboxApiUploadDownloadTests"/>
  </testsuite>
  <testsuite name="Negative tests / Repeat delete uploaded file" id="02fbda27-034e-44be-8a81-6a76717c32d9" timestamp="2022-10-11T08:54:18.264Z" tests="4" failures="0" errors="0" time="0.229">
    <testcase name="Check response time is less than 3000ms" time="0.229" classname="DropboxApiUploadDownloadTests"/>
    <testcase name="Check upload file status message to be one of 'Bad Request,Conflict,Not Found'" time="0.229" classname="DropboxApiUploadDownloadTests"/>
    <testcase name="Check upload file status code is one of [400, 404, 409]" time="0.229" classname="DropboxApiUploadDownloadTests"/>
    <testcase name="Check response has error keys 'error_summary,error''" time="0.229" classname="DropboxApiUploadDownloadTests"/>
  </testsuite>
</testsuites>