<?xml version="1.0" encoding="UTF-8"?>
<testsuites name="Dropbox-API-upload/download-tests" tests="17" time="6.212">
  <testsuite name="Get token / Get token" id="03c6e942-1725-4ac7-b7b2-0f3fb7bcc2b8" timestamp="2022-10-13T10:54:08.122Z" tests="4" failures="0" errors="0" time="0.425">
    <testcase name="Check response time is less than 3000ms" time="0.425" classname="DropboxApiUploadDownloadTests"/>
    <testcase name="Check response status code is 200" time="0.425" classname="DropboxApiUploadDownloadTests"/>
    <testcase name="Check upload file status message to be 'OK'" time="0.425" classname="DropboxApiUploadDownloadTests"/>
    <testcase name="Check response body has key 'access_token'" time="0.425" classname="DropboxApiUploadDownloadTests"/>
  </testsuite>
  <testsuite name="Positive tests / Authorization tests / User authentication" id="f985109c-b8f6-4f11-a789-4d5262f8d743" timestamp="2022-10-13T10:54:08.122Z" tests="6" failures="0" errors="0" time="0.358">
    <testcase name="Check response time is less than 3000ms" time="0.358" classname="DropboxApiUploadDownloadTests"/>
    <testcase name="Check response status code is 200" time="0.358" classname="DropboxApiUploadDownloadTests"/>
    <testcase name="Check upload file status message to be 'OK'" time="0.358" classname="DropboxApiUploadDownloadTests"/>
    <testcase name="Check response header 'Content-Type' and its value is 'application/json'" time="0.358" classname="DropboxApiUploadDownloadTests"/>
    <testcase name="Check response header 'Content-Security-Policy' and its value" time="0.358" classname="DropboxApiUploadDownloadTests"/>
    <testcase name="Check response body has key with value" time="0.358" classname="DropboxApiUploadDownloadTests"/>
  </testsuite>
  <testsuite name="Positive tests / Authorization tests / Check app" id="5dfaf3ec-158b-449f-b083-94637b444cdb" timestamp="2022-10-13T10:54:08.122Z" tests="6" failures="0" errors="0" time="0.228">
    <testcase name="Check response time is less than 3000ms" time="0.228" classname="DropboxApiUploadDownloadTests"/>
    <testcase name="Check response status code is 200" time="0.228" classname="DropboxApiUploadDownloadTests"/>
    <testcase name="Check upload file status message to be 'OK'" time="0.228" classname="DropboxApiUploadDownloadTests"/>
    <testcase name="Check response header 'Content-Type' and its value is 'application/json'" time="0.228" classname="DropboxApiUploadDownloadTests"/>
    <testcase name="Check response header 'Content-Security-Policy' and its value" time="0.228" classname="DropboxApiUploadDownloadTests"/>
    <testcase name="Check response body has key with value" time="0.228" classname="DropboxApiUploadDownloadTests"/>
  </testsuite>
  <testsuite name="Positive tests / Upload file tests / File upload test" id="82e0deba-8995-4c02-af5c-ad93ffe198cc" timestamp="2022-10-13T10:54:08.122Z" tests="9" failures="0" errors="0" time="1.238">
    <testcase name="Check response time is less than 3000ms" time="1.238" classname="DropboxApiUploadDownloadTests"/>
    <testcase name="Check response status code is 200" time="1.238" classname="DropboxApiUploadDownloadTests"/>
    <testcase name="Check upload file status message to be 'OK'" time="1.238" classname="DropboxApiUploadDownloadTests"/>
    <testcase name="Check 'Strict-Transport-Security' response header value is 'max-age=31536000; includeSubDomains; preload'" time="1.238" classname="DropboxApiUploadDownloadTests"/>
    <testcase name="Check response has key 'name' with value equal to uploaded file name" time="1.238" classname="DropboxApiUploadDownloadTests"/>
    <testcase name="Check response keys length is equal 10" time="1.238" classname="DropboxApiUploadDownloadTests"/>
    <testcase name="Check response keys are present" time="1.238" classname="DropboxApiUploadDownloadTests"/>
    <testcase name="Check response 'is_downloadable' value" time="1.238" classname="DropboxApiUploadDownloadTests"/>
    <testcase name="Validate response json schema" time="1.238" classname="DropboxApiUploadDownloadTests"/>
  </testsuite>
  <testsuite name="Positive tests / Upload file tests / Search uploaded file" id="9d02f166-c4b9-4909-9ab7-dd063b39ccc0" timestamp="2022-10-13T10:54:08.122Z" tests="8" failures="0" errors="0" time="0.373">
    <testcase name="Check response time is less than 3000ms" time="0.373" classname="DropboxApiUploadDownloadTests"/>
    <testcase name="Check response status code is 200" time="0.373" classname="DropboxApiUploadDownloadTests"/>
    <testcase name="Check upload file status message to be 'OK'" time="0.373" classname="DropboxApiUploadDownloadTests"/>
    <testcase name="Check response header 'Content-Security-Policy' value is 'sandbox" time="0.373" classname="DropboxApiUploadDownloadTests"/>
    <testcase name="Check response header 'Content-Type' and its value is 'application/json'" time="0.373" classname="DropboxApiUploadDownloadTests"/>
    <testcase name="Check response keys length is equal 1" time="0.373" classname="DropboxApiUploadDownloadTests"/>
    <testcase name="Check response key 'has_more' value equal to 'false'" time="0.373" classname="DropboxApiUploadDownloadTests"/>
    <testcase name="Validate response json schema" time="0.373" classname="DropboxApiUploadDownloadTests"/>
  </testsuite>
  <testsuite name="Positive tests / Get File Metadata tests / Get uploaded file via search endpoint" id="707a23f8-f4b6-45cd-adf6-f04e80513144" timestamp="2022-10-13T10:54:08.122Z" tests="12" failures="0" errors="0" time="0.322">
    <testcase name="Check response time is less than 3000ms" time="0.322" classname="DropboxApiUploadDownloadTests"/>
    <testcase name="Check response status code is 200" time="0.322" classname="DropboxApiUploadDownloadTests"/>
    <testcase name="Check upload file status message to be 'OK'" time="0.322" classname="DropboxApiUploadDownloadTests"/>
    <testcase name="Check response header 'Content-Type' and its value is 'application/json'" time="0.322" classname="DropboxApiUploadDownloadTests"/>
    <testcase name="Check metadadta has key 'name' with value equal to uploaded file name" time="0.322" classname="DropboxApiUploadDownloadTests"/>
    <testcase name="Check response keys length is 1" time="0.322" classname="DropboxApiUploadDownloadTests"/>
    <testcase name="Check metadata 'name' key has value 'text.txt'" time="0.322" classname="DropboxApiUploadDownloadTests"/>
    <testcase name="Check metadata 'id' key has value 'id:kNz2VS8OLSwAAAAAAAABew'" time="0.322" classname="DropboxApiUploadDownloadTests"/>
    <testcase name="Check metadata 'content_hash' key has value 'fd2112ca5793b05e935205bb9891410beb1df1076f60d6dcc754c7377edf6fdc'" time="0.322" classname="DropboxApiUploadDownloadTests"/>
    <testcase name="Check metadata 'is_downloadable' key has value 'true'" time="0.322" classname="DropboxApiUploadDownloadTests"/>
    <testcase name="Check metadata 'size' key has value '19'" time="0.322" classname="DropboxApiUploadDownloadTests"/>
    <testcase name="Validate response json schema" time="0.322" classname="DropboxApiUploadDownloadTests"/>
  </testsuite>
  <testsuite name="Positive tests / Get File Metadata tests / Get uploaded file metadata via metadata endpoint" id="20e54c4c-971b-4ed7-a232-4295ffade3cd" timestamp="2022-10-13T10:54:08.122Z" tests="7" failures="0" errors="0" time="0.277">
    <testcase name="Check response time is less than 3000ms" time="0.277" classname="DropboxApiUploadDownloadTests"/>
    <testcase name="Check response status code is 200" time="0.277" classname="DropboxApiUploadDownloadTests"/>
    <testcase name="Check upload file status message to be 'OK'" time="0.277" classname="DropboxApiUploadDownloadTests"/>
    <testcase name="Check response header 'Content-Type' and its value is 'application/json'" time="0.277" classname="DropboxApiUploadDownloadTests"/>
    <testcase name="Check response keys length is equal 11" time="0.277" classname="DropboxApiUploadDownloadTests"/>
    <testcase name="Check response keys values are equal text.txt,/text.txt,/text.txt,id:kNz2VS8OLSwAAAAAAAABew,2022-10-13T10:54:11Z,2022-10-13T10:54:11Z,5eae854541947b94ae2f1,19,true,fd2112ca5793b05e935205bb9891410beb1df1076f60d6dcc754c7377edf6fdc" time="0.277" classname="DropboxApiUploadDownloadTests"/>
    <testcase name="Validate response json schema" time="0.277" classname="DropboxApiUploadDownloadTests"/>
  </testsuite>
  <testsuite name="Positive tests / Delete file tests / Delete uploaded file" id="9b1098d7-e4fd-4cb3-943e-af1f1cd0c1b6" timestamp="2022-10-13T10:54:08.122Z" tests="7" failures="0" errors="0" time="0.831">
    <testcase name="Check response time is less than 3000ms" time="0.831" classname="DropboxApiUploadDownloadTests"/>
    <testcase name="Check response status code is 200" time="0.831" classname="DropboxApiUploadDownloadTests"/>
    <testcase name="Check upload file status message to be 'OK'" time="0.831" classname="DropboxApiUploadDownloadTests"/>
    <testcase name="Check response header 'Content-Type' and its value is 'application/json'" time="0.831" classname="DropboxApiUploadDownloadTests"/>
    <testcase name="Check response keys length is equal 11" time="0.831" classname="DropboxApiUploadDownloadTests"/>
    <testcase name="Check response keys values are equal text.txt,/text.txt,/text.txt,id:kNz2VS8OLSwAAAAAAAABew,2022-10-13T10:54:11Z,2022-10-13T10:54:11Z,5eae854541947b94ae2f1,19,true,fd2112ca5793b05e935205bb9891410beb1df1076f60d6dcc754c7377edf6fdc" time="0.831" classname="DropboxApiUploadDownloadTests"/>
    <testcase name="Validate response json schema" time="0.831" classname="DropboxApiUploadDownloadTests"/>
  </testsuite>
  <testsuite name="Negative tests / wrong endpoint / File upload test wrong endpoint" id="0c162227-6e5e-434a-8d53-334a20e8e2e1" timestamp="2022-10-13T10:54:08.122Z" tests="3" failures="0" errors="0" time="0.128">
    <testcase name="Check response time is less than 3000ms" time="0.128" classname="DropboxApiUploadDownloadTests"/>
    <testcase name="Check upload file status message to be one of 'Bad Request,Conflict,Not Found'" time="0.128" classname="DropboxApiUploadDownloadTests"/>
    <testcase name="Check upload file status code is one of [400, 404, 409]" time="0.128" classname="DropboxApiUploadDownloadTests"/>
  </testsuite>
  <testsuite name="Negative tests / wrong endpoint / Search uploaded file wrong endpoint" id="2b7ff75c-988d-4b31-b596-8b2d4e2c0c25" timestamp="2022-10-13T10:54:08.122Z" tests="3" failures="0" errors="0" time="0.204">
    <testcase name="Check response time is less than 3000ms" time="0.204" classname="DropboxApiUploadDownloadTests"/>
    <testcase name="Check upload file status message to be one of 'Bad Request,Conflict,Not Found'" time="0.204" classname="DropboxApiUploadDownloadTests"/>
    <testcase name="Check upload file status code is one of [400, 404, 409]" time="0.204" classname="DropboxApiUploadDownloadTests"/>
  </testsuite>
  <testsuite name="Negative tests / wrong endpoint / Get uploaded file metadata wrong endpoint" id="e025b7d9-1a5c-400b-9dab-be3d1acb1a1d" timestamp="2022-10-13T10:54:08.122Z" tests="3" failures="0" errors="0" time="0.202">
    <testcase name="Check response time is less than 3000ms" time="0.202" classname="DropboxApiUploadDownloadTests"/>
    <testcase name="Check upload file status message to be one of 'Bad Request,Conflict,Not Found'" time="0.202" classname="DropboxApiUploadDownloadTests"/>
    <testcase name="Check upload file status code is one of [400, 404, 409]" time="0.202" classname="DropboxApiUploadDownloadTests"/>
  </testsuite>
  <testsuite name="Negative tests / wrong endpoint / Delete uploaded file wrong endpoint" id="198e48ff-37f5-48be-9685-373e36abd509" timestamp="2022-10-13T10:54:08.122Z" tests="3" failures="0" errors="0" time="0.203">
    <testcase name="Check response time is less than 3000ms" time="0.203" classname="DropboxApiUploadDownloadTests"/>
    <testcase name="Check upload file status message to be one of 'Bad Request,Conflict,Not Found'" time="0.203" classname="DropboxApiUploadDownloadTests"/>
    <testcase name="Check upload file status code is one of [400, 404, 409]" time="0.203" classname="DropboxApiUploadDownloadTests"/>
  </testsuite>
  <testsuite name="Negative tests / wrong request body / Search uploaded file wrong request body" id="2ac3fbe7-ad8a-43bd-87ce-5ce5e1f9f436" timestamp="2022-10-13T10:54:08.122Z" tests="3" failures="0" errors="0" time="0.223">
    <testcase name="Check response time is less than 3000ms" time="0.223" classname="DropboxApiUploadDownloadTests"/>
    <testcase name="Check upload file status message to be one of 'Bad Request,Conflict,Not Found'" time="0.223" classname="DropboxApiUploadDownloadTests"/>
    <testcase name="Check upload file status code is one of [400, 404, 409]" time="0.223" classname="DropboxApiUploadDownloadTests"/>
  </testsuite>
  <testsuite name="Negative tests / wrong request body / Get uploaded file metadata wrong body 'path' key value" id="9daa170c-eaf7-4ce5-a6ae-cf92d23539d3" timestamp="2022-10-13T10:54:08.122Z" tests="4" failures="0" errors="0" time="0.424">
    <testcase name="Check response time is less than 3000ms" time="0.424" classname="DropboxApiUploadDownloadTests"/>
    <testcase name="Check upload file status message to be one of 'Bad Request,Conflict,Not Found'" time="0.424" classname="DropboxApiUploadDownloadTests"/>
    <testcase name="Check upload file status code is one of [400, 404, 409]" time="0.424" classname="DropboxApiUploadDownloadTests"/>
    <testcase name="Check response has error keys 'error_summary,error''" time="0.424" classname="DropboxApiUploadDownloadTests"/>
  </testsuite>
  <testsuite name="Negative tests / wrong request body / Delete uploaded file wrong response body 'path' key value" id="9f095a92-d2e7-4f0f-82e3-6bb708d00e81" timestamp="2022-10-13T10:54:08.122Z" tests="4" failures="0" errors="0" time="0.317">
    <testcase name="Check response time is less than 3000ms" time="0.317" classname="DropboxApiUploadDownloadTests"/>
    <testcase name="Check upload file status message to be one of 'Bad Request,Conflict,Not Found'" time="0.317" classname="DropboxApiUploadDownloadTests"/>
    <testcase name="Check upload file status code is one of [400, 404, 409]" time="0.317" classname="DropboxApiUploadDownloadTests"/>
    <testcase name="Check response has error keys 'error_summary,error''" time="0.317" classname="DropboxApiUploadDownloadTests"/>
  </testsuite>
  <testsuite name="Negative tests / File upload test wrong Header 'Content-Type" id="08aeff61-4b2f-4ae1-a47d-c2afc7e087ab" timestamp="2022-10-13T10:54:08.122Z" tests="3" failures="0" errors="0" time="0.175">
    <testcase name="Check response time is less than 3000ms" time="0.175" classname="DropboxApiUploadDownloadTests"/>
    <testcase name="Check upload file status message to be one of 'Bad Request,Conflict,Not Found'" time="0.175" classname="DropboxApiUploadDownloadTests"/>
    <testcase name="Check upload file status code is one of [400, 404, 409]" time="0.175" classname="DropboxApiUploadDownloadTests"/>
  </testsuite>
  <testsuite name="Negative tests / Repeat delete uploaded file" id="03b27f3e-3576-4878-bba3-8dd4fd371aea" timestamp="2022-10-13T10:54:08.122Z" tests="4" failures="0" errors="0" time="0.284">
    <testcase name="Check response time is less than 3000ms" time="0.284" classname="DropboxApiUploadDownloadTests"/>
    <testcase name="Check upload file status message to be one of 'Bad Request,Conflict,Not Found'" time="0.284" classname="DropboxApiUploadDownloadTests"/>
    <testcase name="Check upload file status code is one of [400, 404, 409]" time="0.284" classname="DropboxApiUploadDownloadTests"/>
    <testcase name="Check response has error keys 'error_summary,error''" time="0.284" classname="DropboxApiUploadDownloadTests"/>
  </testsuite>
</testsuites>