<?xml version="1.0" encoding="UTF-8"?>
<testsuites name="Dropbox-API-upload/download-tests" tests="17" time="9.540">
  <testsuite name="Get token / Get token" id="0fb758ff-e858-4eda-a0e9-0d30d5f0ad9c" timestamp="2022-10-10T12:51:23.511Z" tests="4" failures="0" errors="0" time="0.856">
    <testcase name="Check response time is less than 3000ms" time="0.856" classname="DropboxApiUploadDownloadTests"/>
    <testcase name="Check response status code is 200" time="0.856" classname="DropboxApiUploadDownloadTests"/>
    <testcase name="Check upload file status message to be 'OK'" time="0.856" classname="DropboxApiUploadDownloadTests"/>
    <testcase name="Check response body has key 'access_token'" time="0.856" classname="DropboxApiUploadDownloadTests"/>
  </testsuite>
  <testsuite name="Positive tests / Authorization tests / User authentication" id="fe9bb6e7-73c4-4f47-89f3-eb952d585bbb" timestamp="2022-10-10T12:51:23.511Z" tests="6" failures="0" errors="0" time="0.245">
    <testcase name="Check response time is less than 3000ms" time="0.245" classname="DropboxApiUploadDownloadTests"/>
    <testcase name="Check response status code is 200" time="0.245" classname="DropboxApiUploadDownloadTests"/>
    <testcase name="Check upload file status message to be 'OK'" time="0.245" classname="DropboxApiUploadDownloadTests"/>
    <testcase name="Check response header 'Content-Type' and its value is 'application/json'" time="0.245" classname="DropboxApiUploadDownloadTests"/>
    <testcase name="Check response header 'Content-Security-Policy' and its value" time="0.245" classname="DropboxApiUploadDownloadTests"/>
    <testcase name="Check response body has key with value" time="0.245" classname="DropboxApiUploadDownloadTests"/>
  </testsuite>
  <testsuite name="Positive tests / Authorization tests / Check app" id="3387e1da-3844-4fd5-94a7-c6c1e3919702" timestamp="2022-10-10T12:51:23.511Z" tests="6" failures="0" errors="0" time="0.158">
    <testcase name="Check response time is less than 3000ms" time="0.158" classname="DropboxApiUploadDownloadTests"/>
    <testcase name="Check response status code is 200" time="0.158" classname="DropboxApiUploadDownloadTests"/>
    <testcase name="Check upload file status message to be 'OK'" time="0.158" classname="DropboxApiUploadDownloadTests"/>
    <testcase name="Check response header 'Content-Type' and its value is 'application/json'" time="0.158" classname="DropboxApiUploadDownloadTests"/>
    <testcase name="Check response header 'Content-Security-Policy' and its value" time="0.158" classname="DropboxApiUploadDownloadTests"/>
    <testcase name="Check response body has key with value" time="0.158" classname="DropboxApiUploadDownloadTests"/>
  </testsuite>
  <testsuite name="Positive tests / Upload file tests / File upload test" id="15c892b4-eaa3-49b4-97e1-bda8bf59a2d9" timestamp="2022-10-10T12:51:23.511Z" tests="9" failures="0" errors="0" time="0.758">
    <testcase name="Check response time is less than 3000ms" time="0.758" classname="DropboxApiUploadDownloadTests"/>
    <testcase name="Check response status code is 200" time="0.758" classname="DropboxApiUploadDownloadTests"/>
    <testcase name="Check upload file status message to be 'OK'" time="0.758" classname="DropboxApiUploadDownloadTests"/>
    <testcase name="Check 'Strict-Transport-Security' response header value is 'max-age=31536000; includeSubDomains; preload'" time="0.758" classname="DropboxApiUploadDownloadTests"/>
    <testcase name="Check response has key 'name' with value equal to uploaded file name" time="0.758" classname="DropboxApiUploadDownloadTests"/>
    <testcase name="Check response keys length is equal 10" time="0.758" classname="DropboxApiUploadDownloadTests"/>
    <testcase name="Check response keys are present" time="0.758" classname="DropboxApiUploadDownloadTests"/>
    <testcase name="Check response 'is_downloadable' value" time="0.758" classname="DropboxApiUploadDownloadTests"/>
    <testcase name="Validate response json schema" time="0.758" classname="DropboxApiUploadDownloadTests"/>
  </testsuite>
  <testsuite name="Positive tests / Upload file tests / Search uploaded file" id="33d4de46-5aea-4dd7-a59b-73facd73378b" timestamp="2022-10-10T12:51:23.511Z" tests="8" failures="0" errors="0" time="0.242">
    <testcase name="Check response time is less than 3000ms" time="0.242" classname="DropboxApiUploadDownloadTests"/>
    <testcase name="Check response status code is 200" time="0.242" classname="DropboxApiUploadDownloadTests"/>
    <testcase name="Check upload file status message to be 'OK'" time="0.242" classname="DropboxApiUploadDownloadTests"/>
    <testcase name="Check response header 'Content-Security-Policy' value is 'sandbox" time="0.242" classname="DropboxApiUploadDownloadTests"/>
    <testcase name="Check response header 'Content-Type' and its value is 'application/json'" time="0.242" classname="DropboxApiUploadDownloadTests"/>
    <testcase name="Check response keys length is equal 1" time="0.242" classname="DropboxApiUploadDownloadTests"/>
    <testcase name="Check response key 'has_more' value equal to 'false'" time="0.242" classname="DropboxApiUploadDownloadTests"/>
    <testcase name="Validate response json schema" time="0.242" classname="DropboxApiUploadDownloadTests"/>
  </testsuite>
  <testsuite name="Positive tests / Get File Metadata tests / Get uploaded file via search endpoint" id="45296732-6e59-4170-8032-cb18849abef2" timestamp="2022-10-10T12:51:23.511Z" tests="12" failures="0" errors="0" time="0.212">
    <testcase name="Check response time is less than 3000ms" time="0.212" classname="DropboxApiUploadDownloadTests"/>
    <testcase name="Check response status code is 200" time="0.212" classname="DropboxApiUploadDownloadTests"/>
    <testcase name="Check upload file status message to be 'OK'" time="0.212" classname="DropboxApiUploadDownloadTests"/>
    <testcase name="Check response header 'Content-Type' and its value is 'application/json'" time="0.212" classname="DropboxApiUploadDownloadTests"/>
    <testcase name="Check metadadta has key 'name' with value equal to uploaded file name" time="0.212" classname="DropboxApiUploadDownloadTests"/>
    <testcase name="Check response keys length is 1" time="0.212" classname="DropboxApiUploadDownloadTests"/>
    <testcase name="Check metadata 'name' key has value 'text.txt'" time="0.212" classname="DropboxApiUploadDownloadTests"/>
    <testcase name="Check metadata 'id' key has value 'id:kNz2VS8OLSwAAAAAAAABaw'" time="0.212" classname="DropboxApiUploadDownloadTests"/>
    <testcase name="Check metadata 'content_hash' key has value 'fd2112ca5793b05e935205bb9891410beb1df1076f60d6dcc754c7377edf6fdc'" time="0.212" classname="DropboxApiUploadDownloadTests"/>
    <testcase name="Check metadata 'is_downloadable' key has value 'true'" time="0.212" classname="DropboxApiUploadDownloadTests"/>
    <testcase name="Check metadata 'size' key has value '19'" time="0.212" classname="DropboxApiUploadDownloadTests"/>
    <testcase name="Validate response json schema" time="0.212" classname="DropboxApiUploadDownloadTests"/>
  </testsuite>
  <testsuite name="Positive tests / Get File Metadata tests / Get uploaded file metadata via metadata endpoint" id="eb1978bf-b2a8-4864-b442-b79efd6f81c3" timestamp="2022-10-10T12:51:23.511Z" tests="7" failures="0" errors="0" time="0.397">
    <testcase name="Check response time is less than 3000ms" time="0.397" classname="DropboxApiUploadDownloadTests"/>
    <testcase name="Check response status code is 200" time="0.397" classname="DropboxApiUploadDownloadTests"/>
    <testcase name="Check upload file status message to be 'OK'" time="0.397" classname="DropboxApiUploadDownloadTests"/>
    <testcase name="Check response header 'Content-Type' and its value is 'application/json'" time="0.397" classname="DropboxApiUploadDownloadTests"/>
    <testcase name="Check response keys length is equal 11" time="0.397" classname="DropboxApiUploadDownloadTests"/>
    <testcase name="Check response keys values are equal text.txt,/text.txt,/text.txt,id:kNz2VS8OLSwAAAAAAAABaw,2022-10-10T12:51:26Z,2022-10-10T12:51:26Z,5eaad9e1fe0b4b94ae2f1,19,true,fd2112ca5793b05e935205bb9891410beb1df1076f60d6dcc754c7377edf6fdc" time="0.397" classname="DropboxApiUploadDownloadTests"/>
    <testcase name="Validate response json schema" time="0.397" classname="DropboxApiUploadDownloadTests"/>
  </testsuite>
  <testsuite name="Positive tests / Delete file tests / Delete uploaded file" id="b9a421ec-af61-436b-af13-7b930c0d78b7" timestamp="2022-10-10T12:51:23.511Z" tests="7" failures="0" errors="0" time="1.142">
    <testcase name="Check response time is less than 3000ms" time="1.142" classname="DropboxApiUploadDownloadTests"/>
    <testcase name="Check response status code is 200" time="1.142" classname="DropboxApiUploadDownloadTests"/>
    <testcase name="Check upload file status message to be 'OK'" time="1.142" classname="DropboxApiUploadDownloadTests"/>
    <testcase name="Check response header 'Content-Type' and its value is 'application/json'" time="1.142" classname="DropboxApiUploadDownloadTests"/>
    <testcase name="Check response keys length is equal 11" time="1.142" classname="DropboxApiUploadDownloadTests"/>
    <testcase name="Check response keys values are equal text.txt,/text.txt,/text.txt,id:kNz2VS8OLSwAAAAAAAABaw,2022-10-10T12:51:26Z,2022-10-10T12:51:26Z,5eaad9e1fe0b4b94ae2f1,19,true,fd2112ca5793b05e935205bb9891410beb1df1076f60d6dcc754c7377edf6fdc" time="1.142" classname="DropboxApiUploadDownloadTests"/>
    <testcase name="Validate response json schema" time="1.142" classname="DropboxApiUploadDownloadTests"/>
  </testsuite>
  <testsuite name="Negative tests / wrong endpoint / File upload test wrong endpoint" id="29fe1b4d-5ebf-4f3c-9f39-528e156f1149" timestamp="2022-10-10T12:51:23.511Z" tests="3" failures="0" errors="0" time="0.593">
    <testcase name="Check response time is less than 3000ms" time="0.593" classname="DropboxApiUploadDownloadTests"/>
    <testcase name="Check upload file status message to be one of 'Bad Request,Conflict,Not Found'" time="0.593" classname="DropboxApiUploadDownloadTests"/>
    <testcase name="Check upload file status code is one of [400, 404, 409]" time="0.593" classname="DropboxApiUploadDownloadTests"/>
  </testsuite>
  <testsuite name="Negative tests / wrong endpoint / Search uploaded file wrong endpoint" id="d69db3e2-e86f-495c-8894-314bea434eb8" timestamp="2022-10-10T12:51:23.511Z" tests="3" failures="0" errors="0" time="0.782">
    <testcase name="Check response time is less than 3000ms" time="0.782" classname="DropboxApiUploadDownloadTests"/>
    <testcase name="Check upload file status message to be one of 'Bad Request,Conflict,Not Found'" time="0.782" classname="DropboxApiUploadDownloadTests"/>
    <testcase name="Check upload file status code is one of [400, 404, 409]" time="0.782" classname="DropboxApiUploadDownloadTests"/>
  </testsuite>
  <testsuite name="Negative tests / wrong endpoint / Get uploaded file metadata wrong endpoint" id="f944c47e-c1e5-4ad3-b7cd-88798c4bb7b7" timestamp="2022-10-10T12:51:23.511Z" tests="3" failures="0" errors="0" time="0.983">
    <testcase name="Check response time is less than 3000ms" time="0.983" classname="DropboxApiUploadDownloadTests"/>
    <testcase name="Check upload file status message to be one of 'Bad Request,Conflict,Not Found'" time="0.983" classname="DropboxApiUploadDownloadTests"/>
    <testcase name="Check upload file status code is one of [400, 404, 409]" time="0.983" classname="DropboxApiUploadDownloadTests"/>
  </testsuite>
  <testsuite name="Negative tests / wrong endpoint / Delete uploaded file wrong endpoint" id="f9b03166-49cd-433f-b5e2-819073a67df5" timestamp="2022-10-10T12:51:23.511Z" tests="3" failures="0" errors="0" time="0.832">
    <testcase name="Check response time is less than 3000ms" time="0.832" classname="DropboxApiUploadDownloadTests"/>
    <testcase name="Check upload file status message to be one of 'Bad Request,Conflict,Not Found'" time="0.832" classname="DropboxApiUploadDownloadTests"/>
    <testcase name="Check upload file status code is one of [400, 404, 409]" time="0.832" classname="DropboxApiUploadDownloadTests"/>
  </testsuite>
  <testsuite name="Negative tests / wrong request body / Search uploaded file wrong request body" id="d12bff19-8497-43ce-bbf2-ea1224e0f755" timestamp="2022-10-10T12:51:23.511Z" tests="3" failures="0" errors="0" time="0.292">
    <testcase name="Check response time is less than 3000ms" time="0.292" classname="DropboxApiUploadDownloadTests"/>
    <testcase name="Check upload file status message to be one of 'Bad Request,Conflict,Not Found'" time="0.292" classname="DropboxApiUploadDownloadTests"/>
    <testcase name="Check upload file status code is one of [400, 404, 409]" time="0.292" classname="DropboxApiUploadDownloadTests"/>
  </testsuite>
  <testsuite name="Negative tests / wrong request body / Get uploaded file metadata wrong body 'path' key value" id="e4607e79-e363-46f2-a1b0-eb2fcab1164d" timestamp="2022-10-10T12:51:23.511Z" tests="4" failures="0" errors="0" time="1.050">
    <testcase name="Check response time is less than 3000ms" time="1.050" classname="DropboxApiUploadDownloadTests"/>
    <testcase name="Check upload file status message to be one of 'Bad Request,Conflict,Not Found'" time="1.050" classname="DropboxApiUploadDownloadTests"/>
    <testcase name="Check upload file status code is one of [400, 404, 409]" time="1.050" classname="DropboxApiUploadDownloadTests"/>
    <testcase name="Check response has error keys 'error_summary,error''" time="1.050" classname="DropboxApiUploadDownloadTests"/>
  </testsuite>
  <testsuite name="Negative tests / wrong request body / Delete uploaded file wrong response body 'path' key value" id="47ed9f27-b0f5-4fc4-ac8c-46ee402f92a2" timestamp="2022-10-10T12:51:23.511Z" tests="4" failures="0" errors="0" time="0.200">
    <testcase name="Check response time is less than 3000ms" time="0.200" classname="DropboxApiUploadDownloadTests"/>
    <testcase name="Check upload file status message to be one of 'Bad Request,Conflict,Not Found'" time="0.200" classname="DropboxApiUploadDownloadTests"/>
    <testcase name="Check upload file status code is one of [400, 404, 409]" time="0.200" classname="DropboxApiUploadDownloadTests"/>
    <testcase name="Check response has error keys 'error_summary,error''" time="0.200" classname="DropboxApiUploadDownloadTests"/>
  </testsuite>
  <testsuite name="Negative tests / File upload test wrong Header 'Content-Type" id="2ffcddb6-cfa8-406d-86a0-b212eb4fc47b" timestamp="2022-10-10T12:51:23.511Z" tests="3" failures="0" errors="0" time="0.580">
    <testcase name="Check response time is less than 3000ms" time="0.580" classname="DropboxApiUploadDownloadTests"/>
    <testcase name="Check upload file status message to be one of 'Bad Request,Conflict,Not Found'" time="0.580" classname="DropboxApiUploadDownloadTests"/>
    <testcase name="Check upload file status code is one of [400, 404, 409]" time="0.580" classname="DropboxApiUploadDownloadTests"/>
  </testsuite>
  <testsuite name="Negative tests / Repeat delete uploaded file" id="c01d902e-aae7-45a9-b823-e6752cd635d6" timestamp="2022-10-10T12:51:23.511Z" tests="4" failures="0" errors="0" time="0.218">
    <testcase name="Check response time is less than 3000ms" time="0.218" classname="DropboxApiUploadDownloadTests"/>
    <testcase name="Check upload file status message to be one of 'Bad Request,Conflict,Not Found'" time="0.218" classname="DropboxApiUploadDownloadTests"/>
    <testcase name="Check upload file status code is one of [400, 404, 409]" time="0.218" classname="DropboxApiUploadDownloadTests"/>
    <testcase name="Check response has error keys 'error_summary,error''" time="0.218" classname="DropboxApiUploadDownloadTests"/>
  </testsuite>
</testsuites>