<?xml version="1.0" encoding="UTF-8"?>
<testsuites name="Dropbox-API-upload/download-tests" tests="17" time="9.857">
  <testsuite name="Get token / Get token" id="6e18bdf8-283d-4e4d-89f9-ae63be90cecd" timestamp="2022-10-14T04:28:07.745Z" tests="4" failures="0" errors="0" time="0.676">
    <testcase name="Check response time is less than 3000ms" time="0.676" classname="DropboxApiUploadDownloadTests"/>
    <testcase name="Check response status code is 200" time="0.676" classname="DropboxApiUploadDownloadTests"/>
    <testcase name="Check upload file status message to be 'OK'" time="0.676" classname="DropboxApiUploadDownloadTests"/>
    <testcase name="Check response body has key 'access_token'" time="0.676" classname="DropboxApiUploadDownloadTests"/>
  </testsuite>
  <testsuite name="Positive tests / Authorization tests / User authentication" id="b92a6503-30de-4d95-9c35-d41519a1a5b4" timestamp="2022-10-14T04:28:07.745Z" tests="6" failures="0" errors="0" time="0.877">
    <testcase name="Check response time is less than 3000ms" time="0.877" classname="DropboxApiUploadDownloadTests"/>
    <testcase name="Check response status code is 200" time="0.877" classname="DropboxApiUploadDownloadTests"/>
    <testcase name="Check upload file status message to be 'OK'" time="0.877" classname="DropboxApiUploadDownloadTests"/>
    <testcase name="Check response header 'Content-Type' and its value is 'application/json'" time="0.877" classname="DropboxApiUploadDownloadTests"/>
    <testcase name="Check response header 'Content-Security-Policy' and its value" time="0.877" classname="DropboxApiUploadDownloadTests"/>
    <testcase name="Check response body has key with value" time="0.877" classname="DropboxApiUploadDownloadTests"/>
  </testsuite>
  <testsuite name="Positive tests / Authorization tests / Check app" id="bc7d4c04-aa5b-4224-828d-bdc29d736005" timestamp="2022-10-14T04:28:07.745Z" tests="6" failures="0" errors="0" time="0.242">
    <testcase name="Check response time is less than 3000ms" time="0.242" classname="DropboxApiUploadDownloadTests"/>
    <testcase name="Check response status code is 200" time="0.242" classname="DropboxApiUploadDownloadTests"/>
    <testcase name="Check upload file status message to be 'OK'" time="0.242" classname="DropboxApiUploadDownloadTests"/>
    <testcase name="Check response header 'Content-Type' and its value is 'application/json'" time="0.242" classname="DropboxApiUploadDownloadTests"/>
    <testcase name="Check response header 'Content-Security-Policy' and its value" time="0.242" classname="DropboxApiUploadDownloadTests"/>
    <testcase name="Check response body has key with value" time="0.242" classname="DropboxApiUploadDownloadTests"/>
  </testsuite>
  <testsuite name="Positive tests / Upload file tests / File upload test" id="3c8e5d7f-3a15-40e2-90d6-7fe04990a3f7" timestamp="2022-10-14T04:28:07.745Z" tests="9" failures="0" errors="0" time="1.484">
    <testcase name="Check response time is less than 3000ms" time="1.484" classname="DropboxApiUploadDownloadTests"/>
    <testcase name="Check response status code is 200" time="1.484" classname="DropboxApiUploadDownloadTests"/>
    <testcase name="Check upload file status message to be 'OK'" time="1.484" classname="DropboxApiUploadDownloadTests"/>
    <testcase name="Check 'Strict-Transport-Security' response header value is 'max-age=31536000; includeSubDomains; preload'" time="1.484" classname="DropboxApiUploadDownloadTests"/>
    <testcase name="Check response has key 'name' with value equal to uploaded file name" time="1.484" classname="DropboxApiUploadDownloadTests"/>
    <testcase name="Check response keys length is equal 10" time="1.484" classname="DropboxApiUploadDownloadTests"/>
    <testcase name="Check response keys are present" time="1.484" classname="DropboxApiUploadDownloadTests"/>
    <testcase name="Check response 'is_downloadable' value" time="1.484" classname="DropboxApiUploadDownloadTests"/>
    <testcase name="Validate response json schema" time="1.484" classname="DropboxApiUploadDownloadTests"/>
  </testsuite>
  <testsuite name="Positive tests / Upload file tests / Search uploaded file" id="a775729f-4c7d-4b2f-9593-122e414d2858" timestamp="2022-10-14T04:28:07.745Z" tests="8" failures="0" errors="0" time="0.355">
    <testcase name="Check response time is less than 3000ms" time="0.355" classname="DropboxApiUploadDownloadTests"/>
    <testcase name="Check response status code is 200" time="0.355" classname="DropboxApiUploadDownloadTests"/>
    <testcase name="Check upload file status message to be 'OK'" time="0.355" classname="DropboxApiUploadDownloadTests"/>
    <testcase name="Check response header 'Content-Security-Policy' value is 'sandbox" time="0.355" classname="DropboxApiUploadDownloadTests"/>
    <testcase name="Check response header 'Content-Type' and its value is 'application/json'" time="0.355" classname="DropboxApiUploadDownloadTests"/>
    <testcase name="Check response keys length is equal 1" time="0.355" classname="DropboxApiUploadDownloadTests"/>
    <testcase name="Check response key 'has_more' value equal to 'false'" time="0.355" classname="DropboxApiUploadDownloadTests"/>
    <testcase name="Validate response json schema" time="0.355" classname="DropboxApiUploadDownloadTests"/>
  </testsuite>
  <testsuite name="Positive tests / Get File Metadata tests / Get uploaded file via search endpoint" id="3aa9727a-069d-4c46-9085-9e65927c3714" timestamp="2022-10-14T04:28:07.745Z" tests="12" failures="0" errors="0" time="0.372">
    <testcase name="Check response time is less than 3000ms" time="0.372" classname="DropboxApiUploadDownloadTests"/>
    <testcase name="Check response status code is 200" time="0.372" classname="DropboxApiUploadDownloadTests"/>
    <testcase name="Check upload file status message to be 'OK'" time="0.372" classname="DropboxApiUploadDownloadTests"/>
    <testcase name="Check response header 'Content-Type' and its value is 'application/json'" time="0.372" classname="DropboxApiUploadDownloadTests"/>
    <testcase name="Check metadadta has key 'name' with value equal to uploaded file name" time="0.372" classname="DropboxApiUploadDownloadTests"/>
    <testcase name="Check response keys length is 1" time="0.372" classname="DropboxApiUploadDownloadTests"/>
    <testcase name="Check metadata 'name' key has value 'text.txt'" time="0.372" classname="DropboxApiUploadDownloadTests"/>
    <testcase name="Check metadata 'id' key has value 'id:kNz2VS8OLSwAAAAAAAABsw'" time="0.372" classname="DropboxApiUploadDownloadTests"/>
    <testcase name="Check metadata 'content_hash' key has value 'fd2112ca5793b05e935205bb9891410beb1df1076f60d6dcc754c7377edf6fdc'" time="0.372" classname="DropboxApiUploadDownloadTests"/>
    <testcase name="Check metadata 'is_downloadable' key has value 'true'" time="0.372" classname="DropboxApiUploadDownloadTests"/>
    <testcase name="Check metadata 'size' key has value '19'" time="0.372" classname="DropboxApiUploadDownloadTests"/>
    <testcase name="Validate response json schema" time="0.372" classname="DropboxApiUploadDownloadTests"/>
  </testsuite>
  <testsuite name="Positive tests / Get File Metadata tests / Get uploaded file metadata via metadata endpoint" id="c8885f0e-401b-4b31-a8ec-66b142663623" timestamp="2022-10-14T04:28:07.745Z" tests="7" failures="0" errors="0" time="0.858">
    <testcase name="Check response time is less than 3000ms" time="0.858" classname="DropboxApiUploadDownloadTests"/>
    <testcase name="Check response status code is 200" time="0.858" classname="DropboxApiUploadDownloadTests"/>
    <testcase name="Check upload file status message to be 'OK'" time="0.858" classname="DropboxApiUploadDownloadTests"/>
    <testcase name="Check response header 'Content-Type' and its value is 'application/json'" time="0.858" classname="DropboxApiUploadDownloadTests"/>
    <testcase name="Check response keys length is equal 11" time="0.858" classname="DropboxApiUploadDownloadTests"/>
    <testcase name="Check response keys values are equal text.txt,/text.txt,/text.txt,id:kNz2VS8OLSwAAAAAAAABsw,2022-10-14T04:28:10Z,2022-10-14T04:28:10Z,5eaf70daea8f7b94ae2f1,19,true,fd2112ca5793b05e935205bb9891410beb1df1076f60d6dcc754c7377edf6fdc" time="0.858" classname="DropboxApiUploadDownloadTests"/>
    <testcase name="Validate response json schema" time="0.858" classname="DropboxApiUploadDownloadTests"/>
  </testsuite>
  <testsuite name="Positive tests / Delete file tests / Delete uploaded file" id="94e41155-a1f2-4ef2-8b9e-bdfa251d2eb5" timestamp="2022-10-14T04:28:07.745Z" tests="7" failures="0" errors="0" time="0.844">
    <testcase name="Check response time is less than 3000ms" time="0.844" classname="DropboxApiUploadDownloadTests"/>
    <testcase name="Check response status code is 200" time="0.844" classname="DropboxApiUploadDownloadTests"/>
    <testcase name="Check upload file status message to be 'OK'" time="0.844" classname="DropboxApiUploadDownloadTests"/>
    <testcase name="Check response header 'Content-Type' and its value is 'application/json'" time="0.844" classname="DropboxApiUploadDownloadTests"/>
    <testcase name="Check response keys length is equal 11" time="0.844" classname="DropboxApiUploadDownloadTests"/>
    <testcase name="Check response keys values are equal text.txt,/text.txt,/text.txt,id:kNz2VS8OLSwAAAAAAAABsw,2022-10-14T04:28:10Z,2022-10-14T04:28:10Z,5eaf70daea8f7b94ae2f1,19,true,fd2112ca5793b05e935205bb9891410beb1df1076f60d6dcc754c7377edf6fdc" time="0.844" classname="DropboxApiUploadDownloadTests"/>
    <testcase name="Validate response json schema" time="0.844" classname="DropboxApiUploadDownloadTests"/>
  </testsuite>
  <testsuite name="Negative tests / wrong endpoint / File upload test wrong endpoint" id="83ac5547-1279-4c2c-8da8-82a28d034d8d" timestamp="2022-10-14T04:28:07.745Z" tests="3" failures="0" errors="0" time="0.137">
    <testcase name="Check response time is less than 3000ms" time="0.137" classname="DropboxApiUploadDownloadTests"/>
    <testcase name="Check upload file status message to be one of Bad Request,Conflict,Not Found" time="0.137" classname="DropboxApiUploadDownloadTests"/>
    <testcase name="Check upload file status code is one of [400, 404, 409]" time="0.137" classname="DropboxApiUploadDownloadTests"/>
  </testsuite>
  <testsuite name="Negative tests / wrong endpoint / Search uploaded file wrong endpoint" id="20c2d2d9-aa6f-4ef8-8edf-971b85e28508" timestamp="2022-10-14T04:28:07.745Z" tests="3" failures="0" errors="0" time="0.588">
    <testcase name="Check response time is less than 3000ms" time="0.588" classname="DropboxApiUploadDownloadTests"/>
    <testcase name="Check upload file status message to be one of Bad Request,Conflict,Not Found" time="0.588" classname="DropboxApiUploadDownloadTests"/>
    <testcase name="Check upload file status code is one of [400, 404, 409]" time="0.588" classname="DropboxApiUploadDownloadTests"/>
  </testsuite>
  <testsuite name="Negative tests / wrong endpoint / Get uploaded file metadata wrong endpoint" id="1a2ec148-1319-4d73-adc0-6afed1e2f270" timestamp="2022-10-14T04:28:07.745Z" tests="3" failures="0" errors="0" time="0.211">
    <testcase name="Check response time is less than 3000ms" time="0.211" classname="DropboxApiUploadDownloadTests"/>
    <testcase name="Check upload file status message to be one of Bad Request,Conflict,Not Found" time="0.211" classname="DropboxApiUploadDownloadTests"/>
    <testcase name="Check upload file status code is one of [400, 404, 409]" time="0.211" classname="DropboxApiUploadDownloadTests"/>
  </testsuite>
  <testsuite name="Negative tests / wrong endpoint / Delete uploaded file wrong endpoint" id="224d247c-27ba-4677-a090-b011f1f658e3" timestamp="2022-10-14T04:28:07.745Z" tests="3" failures="0" errors="0" time="0.286">
    <testcase name="Check response time is less than 3000ms" time="0.286" classname="DropboxApiUploadDownloadTests"/>
    <testcase name="Check upload file status message to be one of Bad Request,Conflict,Not Found" time="0.286" classname="DropboxApiUploadDownloadTests"/>
    <testcase name="Check upload file status code is one of [400, 404, 409]" time="0.286" classname="DropboxApiUploadDownloadTests"/>
  </testsuite>
  <testsuite name="Negative tests / wrong request body / Search uploaded file wrong request body" id="22913949-50b8-4222-b556-807898fa6838" timestamp="2022-10-14T04:28:07.745Z" tests="3" failures="0" errors="0" time="0.219">
    <testcase name="Check response time is less than 3000ms" time="0.219" classname="DropboxApiUploadDownloadTests"/>
    <testcase name="Check upload file status message to be one of Bad Request,Conflict,Not Found" time="0.219" classname="DropboxApiUploadDownloadTests"/>
    <testcase name="Check upload file status code is one of [400, 404, 409]" time="0.219" classname="DropboxApiUploadDownloadTests"/>
  </testsuite>
  <testsuite name="Negative tests / wrong request body / Get uploaded file metadata wrong body 'path' key value" id="47659b32-d78f-42cc-827e-b34160a63c22" timestamp="2022-10-14T04:28:07.745Z" tests="3" failures="0" errors="0" time="0.851">
    <testcase name="Check response time is less than 3000ms" time="0.851" classname="DropboxApiUploadDownloadTests"/>
    <testcase name="Check upload file status message to be one of Bad Request,Conflict,Not Found" time="0.851" classname="DropboxApiUploadDownloadTests"/>
    <testcase name="Check upload file status code is one of [400, 404, 409]" time="0.851" classname="DropboxApiUploadDownloadTests"/>
  </testsuite>
  <testsuite name="Negative tests / wrong request body / Delete uploaded file wrong response body 'path' key value" id="26b39497-cb35-4004-ae59-1ab14dfa1435" timestamp="2022-10-14T04:28:07.745Z" tests="3" failures="0" errors="0" time="0.907">
    <testcase name="Check response time is less than 3000ms" time="0.907" classname="DropboxApiUploadDownloadTests"/>
    <testcase name="Check upload file status message to be one of Bad Request,Conflict,Not Found" time="0.907" classname="DropboxApiUploadDownloadTests"/>
    <testcase name="Check upload file status code is one of [400, 404, 409]" time="0.907" classname="DropboxApiUploadDownloadTests"/>
  </testsuite>
  <testsuite name="Negative tests / File upload test wrong Header 'Content-Type" id="abb1ad48-9a55-44fa-9030-6fd40995964d" timestamp="2022-10-14T04:28:07.745Z" tests="3" failures="0" errors="0" time="0.661">
    <testcase name="Check response time is less than 3000ms" time="0.661" classname="DropboxApiUploadDownloadTests"/>
    <testcase name="Check upload file status message to be one of Bad Request,Conflict,Not Found" time="0.661" classname="DropboxApiUploadDownloadTests"/>
    <testcase name="Check upload file status code is one of [400, 404, 409]" time="0.661" classname="DropboxApiUploadDownloadTests"/>
  </testsuite>
  <testsuite name="Negative tests / Repeat delete uploaded file" id="003dc568-6250-4052-8a0b-a29ea9e0db4d" timestamp="2022-10-14T04:28:07.745Z" tests="4" failures="0" errors="0" time="0.289">
    <testcase name="Check response time is less than 3000ms" time="0.289" classname="DropboxApiUploadDownloadTests"/>
    <testcase name="Check upload file status message to be one of Bad Request,Conflict,Not Found" time="0.289" classname="DropboxApiUploadDownloadTests"/>
    <testcase name="Check upload file status code is one of [400, 404, 409]" time="0.289" classname="DropboxApiUploadDownloadTests"/>
    <testcase name="Check response has error keys 'error_summary,error'" time="0.289" classname="DropboxApiUploadDownloadTests"/>
  </testsuite>
</testsuites>