<?xml version="1.0" encoding="UTF-8"?>
<testsuites name="Dropbox-API-upload/download-tests" tests="17" time="10.286">
  <testsuite name="Get token / Get token" id="c9e77563-1c94-4c57-ad04-1668997f8cf4" timestamp="2022-10-11T10:54:09.419Z" tests="4" failures="0" errors="0" time="1.003">
    <testcase name="Check response time is less than 3000ms" time="1.003" classname="DropboxApiUploadDownloadTests"/>
    <testcase name="Check response status code is 200" time="1.003" classname="DropboxApiUploadDownloadTests"/>
    <testcase name="Check upload file status message to be 'OK'" time="1.003" classname="DropboxApiUploadDownloadTests"/>
    <testcase name="Check response body has key 'access_token'" time="1.003" classname="DropboxApiUploadDownloadTests"/>
  </testsuite>
  <testsuite name="Positive tests / Authorization tests / User authentication" id="85d313de-0147-4c47-ba4b-6946973cc8bb" timestamp="2022-10-11T10:54:09.419Z" tests="6" failures="0" errors="0" time="0.874">
    <testcase name="Check response time is less than 3000ms" time="0.874" classname="DropboxApiUploadDownloadTests"/>
    <testcase name="Check response status code is 200" time="0.874" classname="DropboxApiUploadDownloadTests"/>
    <testcase name="Check upload file status message to be 'OK'" time="0.874" classname="DropboxApiUploadDownloadTests"/>
    <testcase name="Check response header 'Content-Type' and its value is 'application/json'" time="0.874" classname="DropboxApiUploadDownloadTests"/>
    <testcase name="Check response header 'Content-Security-Policy' and its value" time="0.874" classname="DropboxApiUploadDownloadTests"/>
    <testcase name="Check response body has key with value" time="0.874" classname="DropboxApiUploadDownloadTests"/>
  </testsuite>
  <testsuite name="Positive tests / Authorization tests / Check app" id="0b43b4a4-1e17-4d8d-acfd-1403bdaaaa77" timestamp="2022-10-11T10:54:09.419Z" tests="6" failures="0" errors="0" time="0.880">
    <testcase name="Check response time is less than 3000ms" time="0.880" classname="DropboxApiUploadDownloadTests"/>
    <testcase name="Check response status code is 200" time="0.880" classname="DropboxApiUploadDownloadTests"/>
    <testcase name="Check upload file status message to be 'OK'" time="0.880" classname="DropboxApiUploadDownloadTests"/>
    <testcase name="Check response header 'Content-Type' and its value is 'application/json'" time="0.880" classname="DropboxApiUploadDownloadTests"/>
    <testcase name="Check response header 'Content-Security-Policy' and its value" time="0.880" classname="DropboxApiUploadDownloadTests"/>
    <testcase name="Check response body has key with value" time="0.880" classname="DropboxApiUploadDownloadTests"/>
  </testsuite>
  <testsuite name="Positive tests / Upload file tests / File upload test" id="8b60193b-793e-4429-9b54-1a81d08a0461" timestamp="2022-10-11T10:54:09.419Z" tests="9" failures="0" errors="0" time="0.858">
    <testcase name="Check response time is less than 3000ms" time="0.858" classname="DropboxApiUploadDownloadTests"/>
    <testcase name="Check response status code is 200" time="0.858" classname="DropboxApiUploadDownloadTests"/>
    <testcase name="Check upload file status message to be 'OK'" time="0.858" classname="DropboxApiUploadDownloadTests"/>
    <testcase name="Check 'Strict-Transport-Security' response header value is 'max-age=31536000; includeSubDomains; preload'" time="0.858" classname="DropboxApiUploadDownloadTests"/>
    <testcase name="Check response has key 'name' with value equal to uploaded file name" time="0.858" classname="DropboxApiUploadDownloadTests"/>
    <testcase name="Check response keys length is equal 10" time="0.858" classname="DropboxApiUploadDownloadTests"/>
    <testcase name="Check response keys are present" time="0.858" classname="DropboxApiUploadDownloadTests"/>
    <testcase name="Check response 'is_downloadable' value" time="0.858" classname="DropboxApiUploadDownloadTests"/>
    <testcase name="Validate response json schema" time="0.858" classname="DropboxApiUploadDownloadTests"/>
  </testsuite>
  <testsuite name="Positive tests / Upload file tests / Search uploaded file" id="24b0a468-c324-4efc-970c-6e15aa83a0bd" timestamp="2022-10-11T10:54:09.419Z" tests="8" failures="0" errors="0" time="0.877">
    <testcase name="Check response time is less than 3000ms" time="0.877" classname="DropboxApiUploadDownloadTests"/>
    <testcase name="Check response status code is 200" time="0.877" classname="DropboxApiUploadDownloadTests"/>
    <testcase name="Check upload file status message to be 'OK'" time="0.877" classname="DropboxApiUploadDownloadTests"/>
    <testcase name="Check response header 'Content-Security-Policy' value is 'sandbox" time="0.877" classname="DropboxApiUploadDownloadTests"/>
    <testcase name="Check response header 'Content-Type' and its value is 'application/json'" time="0.877" classname="DropboxApiUploadDownloadTests"/>
    <testcase name="Check response keys length is equal 1" time="0.877" classname="DropboxApiUploadDownloadTests"/>
    <testcase name="Check response key 'has_more' value equal to 'false'" time="0.877" classname="DropboxApiUploadDownloadTests"/>
    <testcase name="Validate response json schema" time="0.877" classname="DropboxApiUploadDownloadTests"/>
  </testsuite>
  <testsuite name="Positive tests / Get File Metadata tests / Get uploaded file via search endpoint" id="b1513c21-5b4d-4378-b408-d9a2e80eaa0d" timestamp="2022-10-11T10:54:09.419Z" tests="12" failures="0" errors="0" time="0.247">
    <testcase name="Check response time is less than 3000ms" time="0.247" classname="DropboxApiUploadDownloadTests"/>
    <testcase name="Check response status code is 200" time="0.247" classname="DropboxApiUploadDownloadTests"/>
    <testcase name="Check upload file status message to be 'OK'" time="0.247" classname="DropboxApiUploadDownloadTests"/>
    <testcase name="Check response header 'Content-Type' and its value is 'application/json'" time="0.247" classname="DropboxApiUploadDownloadTests"/>
    <testcase name="Check metadadta has key 'name' with value equal to uploaded file name" time="0.247" classname="DropboxApiUploadDownloadTests"/>
    <testcase name="Check response keys length is 1" time="0.247" classname="DropboxApiUploadDownloadTests"/>
    <testcase name="Check metadata 'name' key has value 'text.txt'" time="0.247" classname="DropboxApiUploadDownloadTests"/>
    <testcase name="Check metadata 'id' key has value 'id:kNz2VS8OLSwAAAAAAAABdg'" time="0.247" classname="DropboxApiUploadDownloadTests"/>
    <testcase name="Check metadata 'content_hash' key has value 'fd2112ca5793b05e935205bb9891410beb1df1076f60d6dcc754c7377edf6fdc'" time="0.247" classname="DropboxApiUploadDownloadTests"/>
    <testcase name="Check metadata 'is_downloadable' key has value 'true'" time="0.247" classname="DropboxApiUploadDownloadTests"/>
    <testcase name="Check metadata 'size' key has value '19'" time="0.247" classname="DropboxApiUploadDownloadTests"/>
    <testcase name="Validate response json schema" time="0.247" classname="DropboxApiUploadDownloadTests"/>
  </testsuite>
  <testsuite name="Positive tests / Get File Metadata tests / Get uploaded file metadata via metadata endpoint" id="d6767a01-9500-498a-b0d5-bd9b6026afb8" timestamp="2022-10-11T10:54:09.419Z" tests="7" failures="0" errors="0" time="0.219">
    <testcase name="Check response time is less than 3000ms" time="0.219" classname="DropboxApiUploadDownloadTests"/>
    <testcase name="Check response status code is 200" time="0.219" classname="DropboxApiUploadDownloadTests"/>
    <testcase name="Check upload file status message to be 'OK'" time="0.219" classname="DropboxApiUploadDownloadTests"/>
    <testcase name="Check response header 'Content-Type' and its value is 'application/json'" time="0.219" classname="DropboxApiUploadDownloadTests"/>
    <testcase name="Check response keys length is equal 11" time="0.219" classname="DropboxApiUploadDownloadTests"/>
    <testcase name="Check response keys values are equal text.txt,/text.txt,/text.txt,id:kNz2VS8OLSwAAAAAAAABdg,2022-10-11T10:54:12Z,2022-10-11T10:54:13Z,5eac018ba3262b94ae2f1,19,true,fd2112ca5793b05e935205bb9891410beb1df1076f60d6dcc754c7377edf6fdc" time="0.219" classname="DropboxApiUploadDownloadTests"/>
    <testcase name="Validate response json schema" time="0.219" classname="DropboxApiUploadDownloadTests"/>
  </testsuite>
  <testsuite name="Positive tests / Delete file tests / Delete uploaded file" id="94bc38b1-fbc2-47f6-becf-736d206b4303" timestamp="2022-10-11T10:54:09.419Z" tests="7" failures="0" errors="0" time="2.070">
    <testcase name="Check response time is less than 3000ms" time="2.070" classname="DropboxApiUploadDownloadTests"/>
    <testcase name="Check response status code is 200" time="2.070" classname="DropboxApiUploadDownloadTests"/>
    <testcase name="Check upload file status message to be 'OK'" time="2.070" classname="DropboxApiUploadDownloadTests"/>
    <testcase name="Check response header 'Content-Type' and its value is 'application/json'" time="2.070" classname="DropboxApiUploadDownloadTests"/>
    <testcase name="Check response keys length is equal 11" time="2.070" classname="DropboxApiUploadDownloadTests"/>
    <testcase name="Check response keys values are equal text.txt,/text.txt,/text.txt,id:kNz2VS8OLSwAAAAAAAABdg,2022-10-11T10:54:12Z,2022-10-11T10:54:13Z,5eac018ba3262b94ae2f1,19,true,fd2112ca5793b05e935205bb9891410beb1df1076f60d6dcc754c7377edf6fdc" time="2.070" classname="DropboxApiUploadDownloadTests"/>
    <testcase name="Validate response json schema" time="2.070" classname="DropboxApiUploadDownloadTests"/>
  </testsuite>
  <testsuite name="Negative tests / wrong endpoint / File upload test wrong endpoint" id="6831ff4e-88c4-4620-ad5c-395420b4a297" timestamp="2022-10-11T10:54:09.419Z" tests="3" failures="0" errors="0" time="0.169">
    <testcase name="Check response time is less than 3000ms" time="0.169" classname="DropboxApiUploadDownloadTests"/>
    <testcase name="Check upload file status message to be one of 'Bad Request,Conflict,Not Found'" time="0.169" classname="DropboxApiUploadDownloadTests"/>
    <testcase name="Check upload file status code is one of [400, 404, 409]" time="0.169" classname="DropboxApiUploadDownloadTests"/>
  </testsuite>
  <testsuite name="Negative tests / wrong endpoint / Search uploaded file wrong endpoint" id="7f91d25d-323d-463c-8b1d-ca0397c24773" timestamp="2022-10-11T10:54:09.419Z" tests="3" failures="0" errors="0" time="0.449">
    <testcase name="Check response time is less than 3000ms" time="0.449" classname="DropboxApiUploadDownloadTests"/>
    <testcase name="Check upload file status message to be one of 'Bad Request,Conflict,Not Found'" time="0.449" classname="DropboxApiUploadDownloadTests"/>
    <testcase name="Check upload file status code is one of [400, 404, 409]" time="0.449" classname="DropboxApiUploadDownloadTests"/>
  </testsuite>
  <testsuite name="Negative tests / wrong endpoint / Get uploaded file metadata wrong endpoint" id="56a920ee-78d7-4b8f-bce2-232e32c0959c" timestamp="2022-10-11T10:54:09.419Z" tests="3" failures="0" errors="0" time="0.205">
    <testcase name="Check response time is less than 3000ms" time="0.205" classname="DropboxApiUploadDownloadTests"/>
    <testcase name="Check upload file status message to be one of 'Bad Request,Conflict,Not Found'" time="0.205" classname="DropboxApiUploadDownloadTests"/>
    <testcase name="Check upload file status code is one of [400, 404, 409]" time="0.205" classname="DropboxApiUploadDownloadTests"/>
  </testsuite>
  <testsuite name="Negative tests / wrong endpoint / Delete uploaded file wrong endpoint" id="370fde77-8dba-4c4f-8c85-2d13258cf621" timestamp="2022-10-11T10:54:09.419Z" tests="3" failures="0" errors="0" time="0.159">
    <testcase name="Check response time is less than 3000ms" time="0.159" classname="DropboxApiUploadDownloadTests"/>
    <testcase name="Check upload file status message to be one of 'Bad Request,Conflict,Not Found'" time="0.159" classname="DropboxApiUploadDownloadTests"/>
    <testcase name="Check upload file status code is one of [400, 404, 409]" time="0.159" classname="DropboxApiUploadDownloadTests"/>
  </testsuite>
  <testsuite name="Negative tests / wrong request body / Search uploaded file wrong request body" id="70eb0d79-f83d-4d38-b997-a5f70d4c0806" timestamp="2022-10-11T10:54:09.419Z" tests="3" failures="0" errors="0" time="0.659">
    <testcase name="Check response time is less than 3000ms" time="0.659" classname="DropboxApiUploadDownloadTests"/>
    <testcase name="Check upload file status message to be one of 'Bad Request,Conflict,Not Found'" time="0.659" classname="DropboxApiUploadDownloadTests"/>
    <testcase name="Check upload file status code is one of [400, 404, 409]" time="0.659" classname="DropboxApiUploadDownloadTests"/>
  </testsuite>
  <testsuite name="Negative tests / wrong request body / Get uploaded file metadata wrong body 'path' key value" id="fded4192-b353-4409-a747-c66cbfe9b9a4" timestamp="2022-10-11T10:54:09.419Z" tests="4" failures="0" errors="0" time="0.628">
    <testcase name="Check response time is less than 3000ms" time="0.628" classname="DropboxApiUploadDownloadTests"/>
    <testcase name="Check upload file status message to be one of 'Bad Request,Conflict,Not Found'" time="0.628" classname="DropboxApiUploadDownloadTests"/>
    <testcase name="Check upload file status code is one of [400, 404, 409]" time="0.628" classname="DropboxApiUploadDownloadTests"/>
    <testcase name="Check response has error keys 'error_summary,error''" time="0.628" classname="DropboxApiUploadDownloadTests"/>
  </testsuite>
  <testsuite name="Negative tests / wrong request body / Delete uploaded file wrong response body 'path' key value" id="c0ae726a-a37b-4c9a-b9ff-d660aa73eb48" timestamp="2022-10-11T10:54:09.419Z" tests="4" failures="0" errors="0" time="0.193">
    <testcase name="Check response time is less than 3000ms" time="0.193" classname="DropboxApiUploadDownloadTests"/>
    <testcase name="Check upload file status message to be one of 'Bad Request,Conflict,Not Found'" time="0.193" classname="DropboxApiUploadDownloadTests"/>
    <testcase name="Check upload file status code is one of [400, 404, 409]" time="0.193" classname="DropboxApiUploadDownloadTests"/>
    <testcase name="Check response has error keys 'error_summary,error''" time="0.193" classname="DropboxApiUploadDownloadTests"/>
  </testsuite>
  <testsuite name="Negative tests / File upload test wrong Header 'Content-Type" id="11ac5624-5902-4859-a442-7f5e52eb8c94" timestamp="2022-10-11T10:54:09.419Z" tests="3" failures="0" errors="0" time="0.325">
    <testcase name="Check response time is less than 3000ms" time="0.325" classname="DropboxApiUploadDownloadTests"/>
    <testcase name="Check upload file status message to be one of 'Bad Request,Conflict,Not Found'" time="0.325" classname="DropboxApiUploadDownloadTests"/>
    <testcase name="Check upload file status code is one of [400, 404, 409]" time="0.325" classname="DropboxApiUploadDownloadTests"/>
  </testsuite>
  <testsuite name="Negative tests / Repeat delete uploaded file" id="e33a0e50-cbbd-47c4-9318-a0d51b51199c" timestamp="2022-10-11T10:54:09.419Z" tests="4" failures="0" errors="0" time="0.471">
    <testcase name="Check response time is less than 3000ms" time="0.471" classname="DropboxApiUploadDownloadTests"/>
    <testcase name="Check upload file status message to be one of 'Bad Request,Conflict,Not Found'" time="0.471" classname="DropboxApiUploadDownloadTests"/>
    <testcase name="Check upload file status code is one of [400, 404, 409]" time="0.471" classname="DropboxApiUploadDownloadTests"/>
    <testcase name="Check response has error keys 'error_summary,error''" time="0.471" classname="DropboxApiUploadDownloadTests"/>
  </testsuite>
</testsuites>